<!DOCTYPE html PUBLIC "-//W3C//DTD XHTML 1.1//EN" "https://www.w3.org/TR/xhtml11/DTD/xhtml11.dtd">
<html xmlns="https://www.w3.org/1999/xhtml">
<head>
<meta http-equiv="content-type" content="text/html; charset=UTF-8"/>
<title>TestNG Report</title>
<style type="text/css">table {margin-bottom:10px;border-collapse:collapse;empty-cells:show}th,td {border:1px solid #009;padding:.25em .5em}th {vertical-align:bottom}td {vertical-align:top}table a {font-weight:bold}.stripe td {background-color: #E6EBF9}.num {text-align:right}.passedodd td {background-color: #3F3}.passedeven td {background-color: #0A0}.skippedodd td {background-color: #DDD}.skippedeven td {background-color: #CCC}.failedodd td,.attn {background-color: #F33}.failedeven td,.stripe .attn {background-color: #D00}.stacktrace {white-space:pre;font-family:monospace}.totop {font-size:85%;text-align:center;border-bottom:2px solid #000}.invisible {display:none}</style>
</head>
<body>
<table>
<tr><th>Test</th><th># Passed</th><th># Skipped</th><th># Retried</th><th># Failed</th><th>Time (ms)</th><th>Included Groups</th><th>Excluded Groups</th></tr>
<tr><th colspan="8">UrbanladderSuite</th></tr>
<tr><td><a href="#t0">UrbanladderTest_Chrome</a></td><td class="num">0</td><td class="num">0</td><td class="num attn">10</td><td class="num attn">10</td><td class="num">3,259</td><td></td><td></td></tr>
</table>
<table id='summary'><thead><tr><th>Class</th><th>Method</th><th>Start</th><th>Time (ms)</th></tr></thead><tbody><tr><th colspan="4">UrbanladderSuite</th></tr></tbody><tbody id="t0"><tr><th colspan="4">UrbanladderTest_Chrome &#8212; failed</th></tr><tr class="failedeven"><td rowspan="10">com.urbanladder.TestRunner.TestRunner</td><td><a href="#m0">runScenario</a></td><td rowspan="10">1756727176502</td><td rowspan="10">28</td></tr><tr class="failedeven"><td><a href="#m1">runScenario</a></td></tr><tr class="failedeven"><td><a href="#m2">runScenario</a></td></tr><tr class="failedeven"><td><a href="#m3">runScenario</a></td></tr><tr class="failedeven"><td><a href="#m4">runScenario</a></td></tr><tr class="failedeven"><td><a href="#m5">runScenario</a></td></tr><tr class="failedeven"><td><a href="#m6">runScenario</a></td></tr><tr class="failedeven"><td><a href="#m7">runScenario</a></td></tr><tr class="failedeven"><td><a href="#m8">runScenario</a></td></tr><tr class="failedeven"><td><a href="#m9">runScenario</a></td></tr><tr><th colspan="4">UrbanladderTest_Chrome &#8212; retried</th></tr><tr class="retriedeven"><td rowspan="10">com.urbanladder.TestRunner.TestRunner</td><td><a href="#m10">runScenario</a></td><td rowspan="10">1756727174484</td><td rowspan="10">1362</td></tr><tr class="retriedeven"><td><a href="#m11">runScenario</a></td></tr><tr class="retriedeven"><td><a href="#m12">runScenario</a></td></tr><tr class="retriedeven"><td><a href="#m13">runScenario</a></td></tr><tr class="retriedeven"><td><a href="#m14">runScenario</a></td></tr><tr class="retriedeven"><td><a href="#m15">runScenario</a></td></tr><tr class="retriedeven"><td><a href="#m16">runScenario</a></td></tr><tr class="retriedeven"><td><a href="#m17">runScenario</a></td></tr><tr class="retriedeven"><td><a href="#m18">runScenario</a></td></tr><tr class="retriedeven"><td><a href="#m19">runScenario</a></td></tr></tbody>
</table>
<h2>UrbanladderTest_Chrome</h2><h3 id="m0">com.urbanladder.TestRunner.TestRunner#runScenario</h3><table class="result"><tr class="param"><th>Parameter #1</th><th>Parameter #2</th></tr><tr class="param stripe"><td>&quot;View product, add to cart, and proceed to checkout&quot;</td><td>&quot;Checkout flow for a product on Urban Ladder&quot;</td></tr><tr><th colspan="2">Exception</th></tr><tr><td colspan="2"><div class="stacktrace">java.lang.NoClassDefFoundError: Could not initialize class com.urbanladder.utils.ConfigReader
	at com.urbanladder.base.DriverSetup.initializeDriver(DriverSetup.java:44)
	at com.urbanladder.Hooks.Hooks.setup(Hooks.java:36)
Caused by: java.lang.ExceptionInInitializerError: Exception java.lang.RuntimeException: Allure configuration file not found [in thread &quot;TestNG-tests-1&quot;]
	at com.urbanladder.utils.ConfigReader.loadAllureProperties(ConfigReader.java:58)
	at com.urbanladder.utils.ConfigReader.&lt;clinit&gt;(ConfigReader.java:27)
	... 2 more
</div></td></tr></table><p class="totop"><a href="#summary">back to summary</a></p>
<h3 id="m1">com.urbanladder.TestRunner.TestRunner#runScenario</h3><table class="result"><tr class="param"><th>Parameter #1</th><th>Parameter #2</th></tr><tr class="param stripe"><td>&quot;Fill shipping address with valid and Invalid data&quot;</td><td>&quot;Shipping Address Form Validation&quot;</td></tr><tr><th colspan="2">Exception</th></tr><tr><td colspan="2"><div class="stacktrace">java.lang.NoClassDefFoundError: Could not initialize class com.urbanladder.utils.ConfigReader
	at com.urbanladder.base.DriverSetup.initializeDriver(DriverSetup.java:44)
	at com.urbanladder.Hooks.Hooks.setup(Hooks.java:36)
Caused by: java.lang.ExceptionInInitializerError: Exception java.lang.RuntimeException: Allure configuration file not found [in thread &quot;TestNG-tests-1&quot;]
	at com.urbanladder.utils.ConfigReader.loadAllureProperties(ConfigReader.java:58)
	at com.urbanladder.utils.ConfigReader.&lt;clinit&gt;(ConfigReader.java:27)
	... 2 more
</div></td></tr></table><p class="totop"><a href="#summary">back to summary</a></p>
<h3 id="m2">com.urbanladder.TestRunner.TestRunner#runScenario</h3><table class="result"><tr class="param"><th>Parameter #1</th><th>Parameter #2</th></tr><tr class="param stripe"><td>&quot;Access help topics and navigate back to home&quot;</td><td>&quot;Help Page Interaction Flow&quot;</td></tr><tr><th colspan="2">Exception</th></tr><tr><td colspan="2"><div class="stacktrace">java.lang.NoClassDefFoundError: Could not initialize class com.urbanladder.utils.ConfigReader
	at com.urbanladder.base.DriverSetup.initializeDriver(DriverSetup.java:44)
	at com.urbanladder.Hooks.Hooks.setup(Hooks.java:36)
Caused by: java.lang.ExceptionInInitializerError: Exception java.lang.RuntimeException: Allure configuration file not found [in thread &quot;TestNG-tests-1&quot;]
	at com.urbanladder.utils.ConfigReader.loadAllureProperties(ConfigReader.java:58)
	at com.urbanladder.utils.ConfigReader.&lt;clinit&gt;(ConfigReader.java:27)
	... 2 more
</div></td></tr></table><p class="totop"><a href="#summary">back to summary</a></p>
<h3 id="m3">com.urbanladder.TestRunner.TestRunner#runScenario</h3><table class="result"><tr class="param"><th>Parameter #1</th><th>Parameter #2</th></tr><tr class="param stripe"><td>&quot;Extract top study chair products and return to homepage&quot;</td><td>&quot;Capture Study Chair details from Urban Ladder&quot;</td></tr><tr><th colspan="2">Exception</th></tr><tr><td colspan="2"><div class="stacktrace">java.lang.NoClassDefFoundError: Could not initialize class com.urbanladder.utils.ConfigReader
	at com.urbanladder.base.DriverSetup.initializeDriver(DriverSetup.java:44)
	at com.urbanladder.Hooks.Hooks.setup(Hooks.java:36)
Caused by: java.lang.ExceptionInInitializerError: Exception java.lang.RuntimeException: Allure configuration file not found [in thread &quot;TestNG-tests-1&quot;]
	at com.urbanladder.utils.ConfigReader.loadAllureProperties(ConfigReader.java:58)
	at com.urbanladder.utils.ConfigReader.&lt;clinit&gt;(ConfigReader.java:27)
	... 2 more
</div></td></tr></table><p class="totop"><a href="#summary">back to summary</a></p>
<h3 id="m4">com.urbanladder.TestRunner.TestRunner#runScenario</h3><table class="result"><tr class="param"><th>Parameter #1</th><th>Parameter #2</th></tr><tr class="param stripe"><td>&quot;Search for &apos;Being at Home&apos; items and store top results&quot;</td><td>&quot;Search and capture top items from Urban Ladder&quot;</td></tr><tr><th colspan="2">Exception</th></tr><tr><td colspan="2"><div class="stacktrace">java.lang.NoClassDefFoundError: Could not initialize class com.urbanladder.utils.ConfigReader
	at com.urbanladder.base.DriverSetup.initializeDriver(DriverSetup.java:44)
	at com.urbanladder.Hooks.Hooks.setup(Hooks.java:36)
Caused by: java.lang.ExceptionInInitializerError: Exception java.lang.RuntimeException: Allure configuration file not found [in thread &quot;TestNG-tests-1&quot;]
	at com.urbanladder.utils.ConfigReader.loadAllureProperties(ConfigReader.java:58)
	at com.urbanladder.utils.ConfigReader.&lt;clinit&gt;(ConfigReader.java:27)
	... 2 more
</div></td></tr></table><p class="totop"><a href="#summary">back to summary</a></p>
<h3 id="m5">com.urbanladder.TestRunner.TestRunner#runScenario</h3><table class="result"><tr class="param"><th>Parameter #1</th><th>Parameter #2</th></tr><tr class="param stripe"><td>&quot;Perform login and verify social media icons and home logo navigation&quot;</td><td>&quot;Complete Home Page Interaction Flow&quot;</td></tr><tr><th colspan="2">Exception</th></tr><tr><td colspan="2"><div class="stacktrace">java.lang.NoClassDefFoundError: Could not initialize class com.urbanladder.utils.ConfigReader
	at com.urbanladder.base.DriverSetup.initializeDriver(DriverSetup.java:44)
	at com.urbanladder.Hooks.Hooks.setup(Hooks.java:36)
Caused by: java.lang.ExceptionInInitializerError: Exception java.lang.RuntimeException: Allure configuration file not found [in thread &quot;TestNG-tests-1&quot;]
	at com.urbanladder.utils.ConfigReader.loadAllureProperties(ConfigReader.java:58)
	at com.urbanladder.utils.ConfigReader.&lt;clinit&gt;(ConfigReader.java:27)
	... 2 more
</div></td></tr></table><p class="totop"><a href="#summary">back to summary</a></p>
<h3 id="m6">com.urbanladder.TestRunner.TestRunner#runScenario</h3><table class="result"><tr class="param"><th>Parameter #1</th><th>Parameter #2</th></tr><tr class="param stripe"><td>&quot;Navigate to Urban Ladder homepage&quot;</td><td>&quot;Search and capture top items from Urban Ladder&quot;</td></tr><tr><th colspan="2">Exception</th></tr><tr><td colspan="2"><div class="stacktrace">java.lang.NoClassDefFoundError: Could not initialize class com.urbanladder.utils.ConfigReader
	at com.urbanladder.base.DriverSetup.initializeDriver(DriverSetup.java:44)
	at com.urbanladder.Hooks.Hooks.setup(Hooks.java:36)
Caused by: java.lang.ExceptionInInitializerError: Exception java.lang.RuntimeException: Allure configuration file not found [in thread &quot;TestNG-tests-1&quot;]
	at com.urbanladder.utils.ConfigReader.loadAllureProperties(ConfigReader.java:58)
	at com.urbanladder.utils.ConfigReader.&lt;clinit&gt;(ConfigReader.java:27)
	... 2 more
</div></td></tr></table><p class="totop"><a href="#summary">back to summary</a></p>
<h3 id="m7">com.urbanladder.TestRunner.TestRunner#runScenario</h3><table class="result"><tr class="param"><th>Parameter #1</th><th>Parameter #2</th></tr><tr class="param stripe"><td>&quot;Search product from JSON and verify it in wishlist&quot;</td><td>&quot;Add product to wishlist from Urban Ladder&quot;</td></tr><tr><th colspan="2">Exception</th></tr><tr><td colspan="2"><div class="stacktrace">java.lang.NoClassDefFoundError: Could not initialize class com.urbanladder.utils.ConfigReader
	at com.urbanladder.base.DriverSetup.initializeDriver(DriverSetup.java:44)
	at com.urbanladder.Hooks.Hooks.setup(Hooks.java:36)
Caused by: java.lang.ExceptionInInitializerError: Exception java.lang.RuntimeException: Allure configuration file not found [in thread &quot;TestNG-tests-1&quot;]
	at com.urbanladder.utils.ConfigReader.loadAllureProperties(ConfigReader.java:58)
	at com.urbanladder.utils.ConfigReader.&lt;clinit&gt;(ConfigReader.java:27)
	... 2 more
</div></td></tr></table><p class="totop"><a href="#summary">back to summary</a></p>
<h3 id="m8">com.urbanladder.TestRunner.TestRunner#runScenario</h3><table class="result"><tr class="param"><th>Parameter #1</th><th>Parameter #2</th></tr><tr class="param stripe"><td>&quot;Extract top bookshelves after applying filters and return to homepage&quot;</td><td>&quot;Capture Bookshelves details from Urban Ladder&quot;</td></tr><tr><th colspan="2">Exception</th></tr><tr><td colspan="2"><div class="stacktrace">java.lang.NoClassDefFoundError: Could not initialize class com.urbanladder.utils.ConfigReader
	at com.urbanladder.base.DriverSetup.initializeDriver(DriverSetup.java:44)
	at com.urbanladder.Hooks.Hooks.setup(Hooks.java:36)
Caused by: java.lang.ExceptionInInitializerError: Exception java.lang.RuntimeException: Allure configuration file not found [in thread &quot;TestNG-tests-1&quot;]
	at com.urbanladder.utils.ConfigReader.loadAllureProperties(ConfigReader.java:58)
	at com.urbanladder.utils.ConfigReader.&lt;clinit&gt;(ConfigReader.java:27)
	... 2 more
</div></td></tr></table><p class="totop"><a href="#summary">back to summary</a></p>
<h3 id="m9">com.urbanladder.TestRunner.TestRunner#runScenario</h3><table class="result"><tr class="param"><th>Parameter #1</th><th>Parameter #2</th></tr><tr class="param stripe"><td>&quot;Extract Hyderabad store names and return to homepage&quot;</td><td>&quot;Capture Hyderabad store details from Urban Ladder&quot;</td></tr><tr><th colspan="2">Exception</th></tr><tr><td colspan="2"><div class="stacktrace">java.lang.NoClassDefFoundError: Could not initialize class com.urbanladder.utils.ConfigReader
	at com.urbanladder.base.DriverSetup.initializeDriver(DriverSetup.java:44)
	at com.urbanladder.Hooks.Hooks.setup(Hooks.java:36)
Caused by: java.lang.ExceptionInInitializerError: Exception java.lang.RuntimeException: Allure configuration file not found [in thread &quot;TestNG-tests-1&quot;]
	at com.urbanladder.utils.ConfigReader.loadAllureProperties(ConfigReader.java:58)
	at com.urbanladder.utils.ConfigReader.&lt;clinit&gt;(ConfigReader.java:27)
	... 2 more
</div></td></tr></table><p class="totop"><a href="#summary">back to summary</a></p>
<h3 id="m10">com.urbanladder.TestRunner.TestRunner#runScenario</h3><table class="result"><tr class="param"><th>Parameter #1</th><th>Parameter #2</th></tr><tr class="param stripe"><td>&quot;Perform login and verify social media icons and home logo navigation&quot;</td><td>&quot;Complete Home Page Interaction Flow&quot;</td></tr><tr><th colspan="2">Exception</th></tr><tr><td colspan="2"><div class="stacktrace">java.lang.ExceptionInInitializerError
	at com.urbanladder.base.DriverSetup.initializeDriver(DriverSetup.java:44)
	at com.urbanladder.Hooks.Hooks.setup(Hooks.java:36)
Caused by: java.lang.RuntimeException: Allure configuration file not found
	at com.urbanladder.utils.ConfigReader.loadAllureProperties(ConfigReader.java:58)
	at com.urbanladder.utils.ConfigReader.&lt;clinit&gt;(ConfigReader.java:27)
	... 2 more
Caused by: java.io.FileNotFoundException: src\test\resources\allure.properties (The system cannot find the file specified)
	at java.base/java.io.FileInputStream.open0(Native Method)
	at java.base/java.io.FileInputStream.open(FileInputStream.java:213)
	at java.base/java.io.FileInputStream.&lt;init&gt;(FileInputStream.java:152)
	at java.base/java.io.FileInputStream.&lt;init&gt;(FileInputStream.java:106)
	at com.urbanladder.utils.ConfigReader.loadAllureProperties(ConfigReader.java:52)
	... 3 more
</div></td></tr></table><p class="totop"><a href="#summary">back to summary</a></p>
<h3 id="m11">com.urbanladder.TestRunner.TestRunner#runScenario</h3><table class="result"><tr class="param"><th>Parameter #1</th><th>Parameter #2</th></tr><tr class="param stripe"><td>&quot;Navigate to Urban Ladder homepage&quot;</td><td>&quot;Search and capture top items from Urban Ladder&quot;</td></tr><tr><th colspan="2">Exception</th></tr><tr><td colspan="2"><div class="stacktrace">java.lang.NoClassDefFoundError: Could not initialize class com.urbanladder.utils.ConfigReader
	at com.urbanladder.base.DriverSetup.initializeDriver(DriverSetup.java:44)
	at com.urbanladder.Hooks.Hooks.setup(Hooks.java:36)
Caused by: java.lang.ExceptionInInitializerError: Exception java.lang.RuntimeException: Allure configuration file not found [in thread &quot;TestNG-tests-1&quot;]
	at com.urbanladder.utils.ConfigReader.loadAllureProperties(ConfigReader.java:58)
	at com.urbanladder.utils.ConfigReader.&lt;clinit&gt;(ConfigReader.java:27)
	... 2 more
</div></td></tr></table><p class="totop"><a href="#summary">back to summary</a></p>
<h3 id="m12">com.urbanladder.TestRunner.TestRunner#runScenario</h3><table class="result"><tr class="param"><th>Parameter #1</th><th>Parameter #2</th></tr><tr class="param stripe"><td>&quot;Search for &apos;Being at Home&apos; items and store top results&quot;</td><td>&quot;Search and capture top items from Urban Ladder&quot;</td></tr><tr><th colspan="2">Exception</th></tr><tr><td colspan="2"><div class="stacktrace">java.lang.NoClassDefFoundError: Could not initialize class com.urbanladder.utils.ConfigReader
	at com.urbanladder.base.DriverSetup.initializeDriver(DriverSetup.java:44)
	at com.urbanladder.Hooks.Hooks.setup(Hooks.java:36)
Caused by: java.lang.ExceptionInInitializerError: Exception java.lang.RuntimeException: Allure configuration file not found [in thread &quot;TestNG-tests-1&quot;]
	at com.urbanladder.utils.ConfigReader.loadAllureProperties(ConfigReader.java:58)
	at com.urbanladder.utils.ConfigReader.&lt;clinit&gt;(ConfigReader.java:27)
	... 2 more
</div></td></tr></table><p class="totop"><a href="#summary">back to summary</a></p>
<h3 id="m13">com.urbanladder.TestRunner.TestRunner#runScenario</h3><table class="result"><tr class="param"><th>Parameter #1</th><th>Parameter #2</th></tr><tr class="param stripe"><td>&quot;Search product from JSON and verify it in wishlist&quot;</td><td>&quot;Add product to wishlist from Urban Ladder&quot;</td></tr><tr><th colspan="2">Exception</th></tr><tr><td colspan="2"><div class="stacktrace">java.lang.NoClassDefFoundError: Could not initialize class com.urbanladder.utils.ConfigReader
	at com.urbanladder.base.DriverSetup.initializeDriver(DriverSetup.java:44)
	at com.urbanladder.Hooks.Hooks.setup(Hooks.java:36)
Caused by: java.lang.ExceptionInInitializerError: Exception java.lang.RuntimeException: Allure configuration file not found [in thread &quot;TestNG-tests-1&quot;]
	at com.urbanladder.utils.ConfigReader.loadAllureProperties(ConfigReader.java:58)
	at com.urbanladder.utils.ConfigReader.&lt;clinit&gt;(ConfigReader.java:27)
	... 2 more
</div></td></tr></table><p class="totop"><a href="#summary">back to summary</a></p>
<h3 id="m14">com.urbanladder.TestRunner.TestRunner#runScenario</h3><table class="result"><tr class="param"><th>Parameter #1</th><th>Parameter #2</th></tr><tr class="param stripe"><td>&quot;Fill shipping address with valid and Invalid data&quot;</td><td>&quot;Shipping Address Form Validation&quot;</td></tr><tr><th colspan="2">Exception</th></tr><tr><td colspan="2"><div class="stacktrace">java.lang.NoClassDefFoundError: Could not initialize class com.urbanladder.utils.ConfigReader
	at com.urbanladder.base.DriverSetup.initializeDriver(DriverSetup.java:44)
	at com.urbanladder.Hooks.Hooks.setup(Hooks.java:36)
Caused by: java.lang.ExceptionInInitializerError: Exception java.lang.RuntimeException: Allure configuration file not found [in thread &quot;TestNG-tests-1&quot;]
	at com.urbanladder.utils.ConfigReader.loadAllureProperties(ConfigReader.java:58)
	at com.urbanladder.utils.ConfigReader.&lt;clinit&gt;(ConfigReader.java:27)
	... 2 more
</div></td></tr></table><p class="totop"><a href="#summary">back to summary</a></p>
<h3 id="m15">com.urbanladder.TestRunner.TestRunner#runScenario</h3><table class="result"><tr class="param"><th>Parameter #1</th><th>Parameter #2</th></tr><tr class="param stripe"><td>&quot;Access help topics and navigate back to home&quot;</td><td>&quot;Help Page Interaction Flow&quot;</td></tr><tr><th colspan="2">Exception</th></tr><tr><td colspan="2"><div class="stacktrace">java.lang.NoClassDefFoundError: Could not initialize class com.urbanladder.utils.ConfigReader
	at com.urbanladder.base.DriverSetup.initializeDriver(DriverSetup.java:44)
	at com.urbanladder.Hooks.Hooks.setup(Hooks.java:36)
Caused by: java.lang.ExceptionInInitializerError: Exception java.lang.RuntimeException: Allure configuration file not found [in thread &quot;TestNG-tests-1&quot;]
	at com.urbanladder.utils.ConfigReader.loadAllureProperties(ConfigReader.java:58)
	at com.urbanladder.utils.ConfigReader.&lt;clinit&gt;(ConfigReader.java:27)
	... 2 more
</div></td></tr></table><p class="totop"><a href="#summary">back to summary</a></p>
<h3 id="m16">com.urbanladder.TestRunner.TestRunner#runScenario</h3><table class="result"><tr class="param"><th>Parameter #1</th><th>Parameter #2</th></tr><tr class="param stripe"><td>&quot;Extract top study chair products and return to homepage&quot;</td><td>&quot;Capture Study Chair details from Urban Ladder&quot;</td></tr><tr><th colspan="2">Exception</th></tr><tr><td colspan="2"><div class="stacktrace">java.lang.NoClassDefFoundError: Could not initialize class com.urbanladder.utils.ConfigReader
	at com.urbanladder.base.DriverSetup.initializeDriver(DriverSetup.java:44)
	at com.urbanladder.Hooks.Hooks.setup(Hooks.java:36)
Caused by: java.lang.ExceptionInInitializerError: Exception java.lang.RuntimeException: Allure configuration file not found [in thread &quot;TestNG-tests-1&quot;]
	at com.urbanladder.utils.ConfigReader.loadAllureProperties(ConfigReader.java:58)
	at com.urbanladder.utils.ConfigReader.&lt;clinit&gt;(ConfigReader.java:27)
	... 2 more
</div></td></tr></table><p class="totop"><a href="#summary">back to summary</a></p>
<h3 id="m17">com.urbanladder.TestRunner.TestRunner#runScenario</h3><table class="result"><tr class="param"><th>Parameter #1</th><th>Parameter #2</th></tr><tr class="param stripe"><td>&quot;Extract top bookshelves after applying filters and return to homepage&quot;</td><td>&quot;Capture Bookshelves details from Urban Ladder&quot;</td></tr><tr><th colspan="2">Exception</th></tr><tr><td colspan="2"><div class="stacktrace">java.lang.NoClassDefFoundError: Could not initialize class com.urbanladder.utils.ConfigReader
	at com.urbanladder.base.DriverSetup.initializeDriver(DriverSetup.java:44)
	at com.urbanladder.Hooks.Hooks.setup(Hooks.java:36)
Caused by: java.lang.ExceptionInInitializerError: Exception java.lang.RuntimeException: Allure configuration file not found [in thread &quot;TestNG-tests-1&quot;]
	at com.urbanladder.utils.ConfigReader.loadAllureProperties(ConfigReader.java:58)
	at com.urbanladder.utils.ConfigReader.&lt;clinit&gt;(ConfigReader.java:27)
	... 2 more
</div></td></tr></table><p class="totop"><a href="#summary">back to summary</a></p>
<h3 id="m18">com.urbanladder.TestRunner.TestRunner#runScenario</h3><table class="result"><tr class="param"><th>Parameter #1</th><th>Parameter #2</th></tr><tr class="param stripe"><td>&quot;Extract Hyderabad store names and return to homepage&quot;</td><td>&quot;Capture Hyderabad store details from Urban Ladder&quot;</td></tr><tr><th colspan="2">Exception</th></tr><tr><td colspan="2"><div class="stacktrace">java.lang.NoClassDefFoundError: Could not initialize class com.urbanladder.utils.ConfigReader
	at com.urbanladder.base.DriverSetup.initializeDriver(DriverSetup.java:44)
	at com.urbanladder.Hooks.Hooks.setup(Hooks.java:36)
Caused by: java.lang.ExceptionInInitializerError: Exception java.lang.RuntimeException: Allure configuration file not found [in thread &quot;TestNG-tests-1&quot;]
	at com.urbanladder.utils.ConfigReader.loadAllureProperties(ConfigReader.java:58)
	at com.urbanladder.utils.ConfigReader.&lt;clinit&gt;(ConfigReader.java:27)
	... 2 more
</div></td></tr></table><p class="totop"><a href="#summary">back to summary</a></p>
<h3 id="m19">com.urbanladder.TestRunner.TestRunner#runScenario</h3><table class="result"><tr class="param"><th>Parameter #1</th><th>Parameter #2</th></tr><tr class="param stripe"><td>&quot;View product, add to cart, and proceed to checkout&quot;</td><td>&quot;Checkout flow for a product on Urban Ladder&quot;</td></tr><tr><th colspan="2">Exception</th></tr><tr><td colspan="2"><div class="stacktrace">java.lang.NoClassDefFoundError: Could not initialize class com.urbanladder.utils.ConfigReader
	at com.urbanladder.base.DriverSetup.initializeDriver(DriverSetup.java:44)
	at com.urbanladder.Hooks.Hooks.setup(Hooks.java:36)
Caused by: java.lang.ExceptionInInitializerError: Exception java.lang.RuntimeException: Allure configuration file not found [in thread &quot;TestNG-tests-1&quot;]
	at com.urbanladder.utils.ConfigReader.loadAllureProperties(ConfigReader.java:58)
	at com.urbanladder.utils.ConfigReader.&lt;clinit&gt;(ConfigReader.java:27)
	... 2 more
</div></td></tr></table><p class="totop"><a href="#summary">back to summary</a></p>
</body>
</html>
