<?xml version="1.0" encoding="UTF-8"?>
<testng-results retried="10" ignored="10" total="30" passed="0" failed="10" skipped="0">
  <reporter-output>
  </reporter-output>
  <suite started-at="2025-09-01T17:16:13 IST" name="UrbanladderSuite" finished-at="2025-09-01T17:16:16 IST" duration-ms="3259">
    <groups>
      <group name="cucumber">
        <method signature="AbstractTestNGCucumberTests.runScenario(io.cucumber.testng.PickleWrapper,io.cucumber.testng.FeatureWrapper)[pri:0, instance:com.urbanladder.TestRunner.TestRunner@327af41b]" name="runScenario" class="io.cucumber.testng.AbstractTestNGCucumberTests"/>
      </group> <!-- cucumber -->
    </groups>
    <test started-at="2025-09-01T17:16:13 IST" name="UrbanladderTest_Chrome" finished-at="2025-09-01T17:16:16 IST" duration-ms="3259">
      <class name="com.urbanladder.TestRunner.TestRunner">
        <test-method is-config="true" signature="setUpClass(org.testng.ITestContext)[pri:0, instance:com.urbanladder.TestRunner.TestRunner@327af41b]" started-at="2025-09-01T17:16:13 IST" name="setUpClass" finished-at="2025-09-01T17:16:14 IST" duration-ms="874" status="PASS">
          <params>
            <param index="0">
              <value>
                <![CDATA[org.testng.TestRunner@5a2d131d]]>
              </value>
            </param>
          </params>
          <reporter-output>
          </reporter-output>
        </test-method> <!-- setUpClass -->
        <test-method is-config="true" signature="setUp(java.lang.String,java.lang.String,org.testng.ITestContext)[pri:0, instance:com.urbanladder.TestRunner.TestRunner@327af41b]" started-at="2025-09-01T17:16:14 IST" name="setUp" finished-at="2025-09-01T17:16:14 IST" duration-ms="7" status="PASS">
          <params>
            <param index="0">
              <value>
                <![CDATA[windows]]>
              </value>
            </param>
            <param index="1">
              <value>
                <![CDATA[chrome]]>
              </value>
            </param>
            <param index="2">
              <value>
                <![CDATA[org.testng.TestRunner@5a2d131d]]>
              </value>
            </param>
          </params>
          <reporter-output>
          </reporter-output>
        </test-method> <!-- setUp -->
        <test-method retried="true" signature="runScenario(io.cucumber.testng.PickleWrapper,io.cucumber.testng.FeatureWrapper)[pri:0, instance:com.urbanladder.TestRunner.TestRunner@327af41b]" started-at="2025-09-01T17:16:14 IST" name="runScenario" description="Runs Cucumber Scenarios" data-provider="scenarios" finished-at="2025-09-01T17:16:15 IST" duration-ms="1362" status="SKIP">
          <params>
            <param index="0">
              <value>
                <![CDATA["Perform login and verify social media icons and home logo navigation"]]>
              </value>
            </param>
            <param index="1">
              <value>
                <![CDATA["Complete Home Page Interaction Flow"]]>
              </value>
            </param>
          </params>
          <exception class="java.lang.ExceptionInInitializerError">
            <full-stacktrace>
              <![CDATA[java.lang.ExceptionInInitializerError
at com.urbanladder.base.DriverSetup.initializeDriver(DriverSetup.java:44)
at com.urbanladder.Hooks.Hooks.setup(Hooks.java:36)
Caused by: java.lang.RuntimeException: Allure configuration file not found
at com.urbanladder.utils.ConfigReader.loadAllureProperties(ConfigReader.java:58)
at com.urbanladder.utils.ConfigReader.<clinit>(ConfigReader.java:27)
... 2 more
Caused by: java.io.FileNotFoundException: src\test\resources\allure.properties (The system cannot find the file specified)
at java.base/java.io.FileInputStream.open0(Native Method)
at java.base/java.io.FileInputStream.open(FileInputStream.java:213)
at java.base/java.io.FileInputStream.<init>(FileInputStream.java:152)
at java.base/java.io.FileInputStream.<init>(FileInputStream.java:106)
at com.urbanladder.utils.ConfigReader.loadAllureProperties(ConfigReader.java:52)
... 3 more
]]>
            </full-stacktrace>
          </exception> <!-- java.lang.ExceptionInInitializerError -->
          <reporter-output>
          </reporter-output>
        </test-method> <!-- runScenario -->
        <test-method is-config="true" signature="setUp(java.lang.String,java.lang.String,org.testng.ITestContext)[pri:0, instance:com.urbanladder.TestRunner.TestRunner@327af41b]" started-at="2025-09-01T17:16:15 IST" name="setUp" finished-at="2025-09-01T17:16:15 IST" duration-ms="1" status="PASS">
          <params>
            <param index="0">
              <value>
                <![CDATA[windows]]>
              </value>
            </param>
            <param index="1">
              <value>
                <![CDATA[chrome]]>
              </value>
            </param>
            <param index="2">
              <value>
                <![CDATA[org.testng.TestRunner@5a2d131d]]>
              </value>
            </param>
          </params>
          <reporter-output>
          </reporter-output>
        </test-method> <!-- setUp -->
        <test-method signature="runScenario(io.cucumber.testng.PickleWrapper,io.cucumber.testng.FeatureWrapper)[pri:0, instance:com.urbanladder.TestRunner.TestRunner@327af41b]" started-at="2025-09-01T17:16:15 IST" name="runScenario" description="Runs Cucumber Scenarios" data-provider="scenarios" finished-at="2025-09-01T17:16:15 IST" duration-ms="29" status="FAIL">
          <params>
            <param index="0">
              <value>
                <![CDATA["Perform login and verify social media icons and home logo navigation"]]>
              </value>
            </param>
            <param index="1">
              <value>
                <![CDATA["Complete Home Page Interaction Flow"]]>
              </value>
            </param>
          </params>
          <exception class="java.lang.NoClassDefFoundError">
            <message>
              <![CDATA[Could not initialize class com.urbanladder.utils.ConfigReader]]>
            </message>
            <full-stacktrace>
              <![CDATA[java.lang.NoClassDefFoundError: Could not initialize class com.urbanladder.utils.ConfigReader
at com.urbanladder.base.DriverSetup.initializeDriver(DriverSetup.java:44)
at com.urbanladder.Hooks.Hooks.setup(Hooks.java:36)
Caused by: java.lang.ExceptionInInitializerError: Exception java.lang.RuntimeException: Allure configuration file not found [in thread "TestNG-tests-1"]
at com.urbanladder.utils.ConfigReader.loadAllureProperties(ConfigReader.java:58)
at com.urbanladder.utils.ConfigReader.<clinit>(ConfigReader.java:27)
... 2 more
]]>
            </full-stacktrace>
          </exception> <!-- java.lang.NoClassDefFoundError -->
          <reporter-output>
          </reporter-output>
        </test-method> <!-- runScenario -->
        <test-method is-config="true" signature="setUp(java.lang.String,java.lang.String,org.testng.ITestContext)[pri:0, instance:com.urbanladder.TestRunner.TestRunner@327af41b]" started-at="2025-09-01T17:16:15 IST" name="setUp" finished-at="2025-09-01T17:16:15 IST" duration-ms="3" status="PASS">
          <params>
            <param index="0">
              <value>
                <![CDATA[windows]]>
              </value>
            </param>
            <param index="1">
              <value>
                <![CDATA[chrome]]>
              </value>
            </param>
            <param index="2">
              <value>
                <![CDATA[org.testng.TestRunner@5a2d131d]]>
              </value>
            </param>
          </params>
          <reporter-output>
          </reporter-output>
        </test-method> <!-- setUp -->
        <test-method retried="true" signature="runScenario(io.cucumber.testng.PickleWrapper,io.cucumber.testng.FeatureWrapper)[pri:0, instance:com.urbanladder.TestRunner.TestRunner@327af41b]" started-at="2025-09-01T17:16:15 IST" name="runScenario" description="Runs Cucumber Scenarios" data-provider="scenarios" finished-at="2025-09-01T17:16:15 IST" duration-ms="49" status="SKIP">
          <params>
            <param index="0">
              <value>
                <![CDATA["Access help topics and navigate back to home"]]>
              </value>
            </param>
            <param index="1">
              <value>
                <![CDATA["Help Page Interaction Flow"]]>
              </value>
            </param>
          </params>
          <exception class="java.lang.NoClassDefFoundError">
            <message>
              <![CDATA[Could not initialize class com.urbanladder.utils.ConfigReader]]>
            </message>
            <full-stacktrace>
              <![CDATA[java.lang.NoClassDefFoundError: Could not initialize class com.urbanladder.utils.ConfigReader
at com.urbanladder.base.DriverSetup.initializeDriver(DriverSetup.java:44)
at com.urbanladder.Hooks.Hooks.setup(Hooks.java:36)
Caused by: java.lang.ExceptionInInitializerError: Exception java.lang.RuntimeException: Allure configuration file not found [in thread "TestNG-tests-1"]
at com.urbanladder.utils.ConfigReader.loadAllureProperties(ConfigReader.java:58)
at com.urbanladder.utils.ConfigReader.<clinit>(ConfigReader.java:27)
... 2 more
]]>
            </full-stacktrace>
          </exception> <!-- java.lang.NoClassDefFoundError -->
          <reporter-output>
          </reporter-output>
        </test-method> <!-- runScenario -->
        <test-method is-config="true" signature="setUp(java.lang.String,java.lang.String,org.testng.ITestContext)[pri:0, instance:com.urbanladder.TestRunner.TestRunner@327af41b]" started-at="2025-09-01T17:16:15 IST" name="setUp" finished-at="2025-09-01T17:16:15 IST" duration-ms="3" status="PASS">
          <params>
            <param index="0">
              <value>
                <![CDATA[windows]]>
              </value>
            </param>
            <param index="1">
              <value>
                <![CDATA[chrome]]>
              </value>
            </param>
            <param index="2">
              <value>
                <![CDATA[org.testng.TestRunner@5a2d131d]]>
              </value>
            </param>
          </params>
          <reporter-output>
          </reporter-output>
        </test-method> <!-- setUp -->
        <test-method signature="runScenario(io.cucumber.testng.PickleWrapper,io.cucumber.testng.FeatureWrapper)[pri:0, instance:com.urbanladder.TestRunner.TestRunner@327af41b]" started-at="2025-09-01T17:16:15 IST" name="runScenario" description="Runs Cucumber Scenarios" data-provider="scenarios" finished-at="2025-09-01T17:16:15 IST" duration-ms="32" status="FAIL">
          <params>
            <param index="0">
              <value>
                <![CDATA["Access help topics and navigate back to home"]]>
              </value>
            </param>
            <param index="1">
              <value>
                <![CDATA["Help Page Interaction Flow"]]>
              </value>
            </param>
          </params>
          <exception class="java.lang.NoClassDefFoundError">
            <message>
              <![CDATA[Could not initialize class com.urbanladder.utils.ConfigReader]]>
            </message>
            <full-stacktrace>
              <![CDATA[java.lang.NoClassDefFoundError: Could not initialize class com.urbanladder.utils.ConfigReader
at com.urbanladder.base.DriverSetup.initializeDriver(DriverSetup.java:44)
at com.urbanladder.Hooks.Hooks.setup(Hooks.java:36)
Caused by: java.lang.ExceptionInInitializerError: Exception java.lang.RuntimeException: Allure configuration file not found [in thread "TestNG-tests-1"]
at com.urbanladder.utils.ConfigReader.loadAllureProperties(ConfigReader.java:58)
at com.urbanladder.utils.ConfigReader.<clinit>(ConfigReader.java:27)
... 2 more
]]>
            </full-stacktrace>
          </exception> <!-- java.lang.NoClassDefFoundError -->
          <reporter-output>
          </reporter-output>
        </test-method> <!-- runScenario -->
        <test-method is-config="true" signature="setUp(java.lang.String,java.lang.String,org.testng.ITestContext)[pri:0, instance:com.urbanladder.TestRunner.TestRunner@327af41b]" started-at="2025-09-01T17:16:16 IST" name="setUp" finished-at="2025-09-01T17:16:16 IST" duration-ms="1" status="PASS">
          <params>
            <param index="0">
              <value>
                <![CDATA[windows]]>
              </value>
            </param>
            <param index="1">
              <value>
                <![CDATA[chrome]]>
              </value>
            </param>
            <param index="2">
              <value>
                <![CDATA[org.testng.TestRunner@5a2d131d]]>
              </value>
            </param>
          </params>
          <reporter-output>
          </reporter-output>
        </test-method> <!-- setUp -->
        <test-method retried="true" signature="runScenario(io.cucumber.testng.PickleWrapper,io.cucumber.testng.FeatureWrapper)[pri:0, instance:com.urbanladder.TestRunner.TestRunner@327af41b]" started-at="2025-09-01T17:16:16 IST" name="runScenario" description="Runs Cucumber Scenarios" data-provider="scenarios" finished-at="2025-09-01T17:16:16 IST" duration-ms="32" status="SKIP">
          <params>
            <param index="0">
              <value>
                <![CDATA["Search for 'Being at Home' items and store top results"]]>
              </value>
            </param>
            <param index="1">
              <value>
                <![CDATA["Search and capture top items from Urban Ladder"]]>
              </value>
            </param>
          </params>
          <exception class="java.lang.NoClassDefFoundError">
            <message>
              <![CDATA[Could not initialize class com.urbanladder.utils.ConfigReader]]>
            </message>
            <full-stacktrace>
              <![CDATA[java.lang.NoClassDefFoundError: Could not initialize class com.urbanladder.utils.ConfigReader
at com.urbanladder.base.DriverSetup.initializeDriver(DriverSetup.java:44)
at com.urbanladder.Hooks.Hooks.setup(Hooks.java:36)
Caused by: java.lang.ExceptionInInitializerError: Exception java.lang.RuntimeException: Allure configuration file not found [in thread "TestNG-tests-1"]
at com.urbanladder.utils.ConfigReader.loadAllureProperties(ConfigReader.java:58)
at com.urbanladder.utils.ConfigReader.<clinit>(ConfigReader.java:27)
... 2 more
]]>
            </full-stacktrace>
          </exception> <!-- java.lang.NoClassDefFoundError -->
          <reporter-output>
          </reporter-output>
        </test-method> <!-- runScenario -->
        <test-method is-config="true" signature="setUp(java.lang.String,java.lang.String,org.testng.ITestContext)[pri:0, instance:com.urbanladder.TestRunner.TestRunner@327af41b]" started-at="2025-09-01T17:16:16 IST" name="setUp" finished-at="2025-09-01T17:16:16 IST" duration-ms="2" status="PASS">
          <params>
            <param index="0">
              <value>
                <![CDATA[windows]]>
              </value>
            </param>
            <param index="1">
              <value>
                <![CDATA[chrome]]>
              </value>
            </param>
            <param index="2">
              <value>
                <![CDATA[org.testng.TestRunner@5a2d131d]]>
              </value>
            </param>
          </params>
          <reporter-output>
          </reporter-output>
        </test-method> <!-- setUp -->
        <test-method signature="runScenario(io.cucumber.testng.PickleWrapper,io.cucumber.testng.FeatureWrapper)[pri:0, instance:com.urbanladder.TestRunner.TestRunner@327af41b]" started-at="2025-09-01T17:16:16 IST" name="runScenario" description="Runs Cucumber Scenarios" data-provider="scenarios" finished-at="2025-09-01T17:16:16 IST" duration-ms="29" status="FAIL">
          <params>
            <param index="0">
              <value>
                <![CDATA["Search for 'Being at Home' items and store top results"]]>
              </value>
            </param>
            <param index="1">
              <value>
                <![CDATA["Search and capture top items from Urban Ladder"]]>
              </value>
            </param>
          </params>
          <exception class="java.lang.NoClassDefFoundError">
            <message>
              <![CDATA[Could not initialize class com.urbanladder.utils.ConfigReader]]>
            </message>
            <full-stacktrace>
              <![CDATA[java.lang.NoClassDefFoundError: Could not initialize class com.urbanladder.utils.ConfigReader
at com.urbanladder.base.DriverSetup.initializeDriver(DriverSetup.java:44)
at com.urbanladder.Hooks.Hooks.setup(Hooks.java:36)
Caused by: java.lang.ExceptionInInitializerError: Exception java.lang.RuntimeException: Allure configuration file not found [in thread "TestNG-tests-1"]
at com.urbanladder.utils.ConfigReader.loadAllureProperties(ConfigReader.java:58)
at com.urbanladder.utils.ConfigReader.<clinit>(ConfigReader.java:27)
... 2 more
]]>
            </full-stacktrace>
          </exception> <!-- java.lang.NoClassDefFoundError -->
          <reporter-output>
          </reporter-output>
        </test-method> <!-- runScenario -->
        <test-method is-config="true" signature="setUp(java.lang.String,java.lang.String,org.testng.ITestContext)[pri:0, instance:com.urbanladder.TestRunner.TestRunner@327af41b]" started-at="2025-09-01T17:16:16 IST" name="setUp" finished-at="2025-09-01T17:16:16 IST" duration-ms="1" status="PASS">
          <params>
            <param index="0">
              <value>
                <![CDATA[windows]]>
              </value>
            </param>
            <param index="1">
              <value>
                <![CDATA[chrome]]>
              </value>
            </param>
            <param index="2">
              <value>
                <![CDATA[org.testng.TestRunner@5a2d131d]]>
              </value>
            </param>
          </params>
          <reporter-output>
          </reporter-output>
        </test-method> <!-- setUp -->
        <test-method retried="true" signature="runScenario(io.cucumber.testng.PickleWrapper,io.cucumber.testng.FeatureWrapper)[pri:0, instance:com.urbanladder.TestRunner.TestRunner@327af41b]" started-at="2025-09-01T17:16:16 IST" name="runScenario" description="Runs Cucumber Scenarios" data-provider="scenarios" finished-at="2025-09-01T17:16:16 IST" duration-ms="30" status="SKIP">
          <params>
            <param index="0">
              <value>
                <![CDATA["Navigate to Urban Ladder homepage"]]>
              </value>
            </param>
            <param index="1">
              <value>
                <![CDATA["Search and capture top items from Urban Ladder"]]>
              </value>
            </param>
          </params>
          <exception class="java.lang.NoClassDefFoundError">
            <message>
              <![CDATA[Could not initialize class com.urbanladder.utils.ConfigReader]]>
            </message>
            <full-stacktrace>
              <![CDATA[java.lang.NoClassDefFoundError: Could not initialize class com.urbanladder.utils.ConfigReader
at com.urbanladder.base.DriverSetup.initializeDriver(DriverSetup.java:44)
at com.urbanladder.Hooks.Hooks.setup(Hooks.java:36)
Caused by: java.lang.ExceptionInInitializerError: Exception java.lang.RuntimeException: Allure configuration file not found [in thread "TestNG-tests-1"]
at com.urbanladder.utils.ConfigReader.loadAllureProperties(ConfigReader.java:58)
at com.urbanladder.utils.ConfigReader.<clinit>(ConfigReader.java:27)
... 2 more
]]>
            </full-stacktrace>
          </exception> <!-- java.lang.NoClassDefFoundError -->
          <reporter-output>
          </reporter-output>
        </test-method> <!-- runScenario -->
        <test-method is-config="true" signature="setUp(java.lang.String,java.lang.String,org.testng.ITestContext)[pri:0, instance:com.urbanladder.TestRunner.TestRunner@327af41b]" started-at="2025-09-01T17:16:16 IST" name="setUp" finished-at="2025-09-01T17:16:16 IST" duration-ms="1" status="PASS">
          <params>
            <param index="0">
              <value>
                <![CDATA[windows]]>
              </value>
            </param>
            <param index="1">
              <value>
                <![CDATA[chrome]]>
              </value>
            </param>
            <param index="2">
              <value>
                <![CDATA[org.testng.TestRunner@5a2d131d]]>
              </value>
            </param>
          </params>
          <reporter-output>
          </reporter-output>
        </test-method> <!-- setUp -->
        <test-method signature="runScenario(io.cucumber.testng.PickleWrapper,io.cucumber.testng.FeatureWrapper)[pri:0, instance:com.urbanladder.TestRunner.TestRunner@327af41b]" started-at="2025-09-01T17:16:16 IST" name="runScenario" description="Runs Cucumber Scenarios" data-provider="scenarios" finished-at="2025-09-01T17:16:16 IST" duration-ms="25" status="FAIL">
          <params>
            <param index="0">
              <value>
                <![CDATA["Navigate to Urban Ladder homepage"]]>
              </value>
            </param>
            <param index="1">
              <value>
                <![CDATA["Search and capture top items from Urban Ladder"]]>
              </value>
            </param>
          </params>
          <exception class="java.lang.NoClassDefFoundError">
            <message>
              <![CDATA[Could not initialize class com.urbanladder.utils.ConfigReader]]>
            </message>
            <full-stacktrace>
              <![CDATA[java.lang.NoClassDefFoundError: Could not initialize class com.urbanladder.utils.ConfigReader
at com.urbanladder.base.DriverSetup.initializeDriver(DriverSetup.java:44)
at com.urbanladder.Hooks.Hooks.setup(Hooks.java:36)
Caused by: java.lang.ExceptionInInitializerError: Exception java.lang.RuntimeException: Allure configuration file not found [in thread "TestNG-tests-1"]
at com.urbanladder.utils.ConfigReader.loadAllureProperties(ConfigReader.java:58)
at com.urbanladder.utils.ConfigReader.<clinit>(ConfigReader.java:27)
... 2 more
]]>
            </full-stacktrace>
          </exception> <!-- java.lang.NoClassDefFoundError -->
          <reporter-output>
          </reporter-output>
        </test-method> <!-- runScenario -->
        <test-method is-config="true" signature="setUp(java.lang.String,java.lang.String,org.testng.ITestContext)[pri:0, instance:com.urbanladder.TestRunner.TestRunner@327af41b]" started-at="2025-09-01T17:16:16 IST" name="setUp" finished-at="2025-09-01T17:16:16 IST" duration-ms="4" status="PASS">
          <params>
            <param index="0">
              <value>
                <![CDATA[windows]]>
              </value>
            </param>
            <param index="1">
              <value>
                <![CDATA[chrome]]>
              </value>
            </param>
            <param index="2">
              <value>
                <![CDATA[org.testng.TestRunner@5a2d131d]]>
              </value>
            </param>
          </params>
          <reporter-output>
          </reporter-output>
        </test-method> <!-- setUp -->
        <test-method retried="true" signature="runScenario(io.cucumber.testng.PickleWrapper,io.cucumber.testng.FeatureWrapper)[pri:0, instance:com.urbanladder.TestRunner.TestRunner@327af41b]" started-at="2025-09-01T17:16:16 IST" name="runScenario" description="Runs Cucumber Scenarios" data-provider="scenarios" finished-at="2025-09-01T17:16:16 IST" duration-ms="35" status="SKIP">
          <params>
            <param index="0">
              <value>
                <![CDATA["Extract top study chair products and return to homepage"]]>
              </value>
            </param>
            <param index="1">
              <value>
                <![CDATA["Capture Study Chair details from Urban Ladder"]]>
              </value>
            </param>
          </params>
          <exception class="java.lang.NoClassDefFoundError">
            <message>
              <![CDATA[Could not initialize class com.urbanladder.utils.ConfigReader]]>
            </message>
            <full-stacktrace>
              <![CDATA[java.lang.NoClassDefFoundError: Could not initialize class com.urbanladder.utils.ConfigReader
at com.urbanladder.base.DriverSetup.initializeDriver(DriverSetup.java:44)
at com.urbanladder.Hooks.Hooks.setup(Hooks.java:36)
Caused by: java.lang.ExceptionInInitializerError: Exception java.lang.RuntimeException: Allure configuration file not found [in thread "TestNG-tests-1"]
at com.urbanladder.utils.ConfigReader.loadAllureProperties(ConfigReader.java:58)
at com.urbanladder.utils.ConfigReader.<clinit>(ConfigReader.java:27)
... 2 more
]]>
            </full-stacktrace>
          </exception> <!-- java.lang.NoClassDefFoundError -->
          <reporter-output>
          </reporter-output>
        </test-method> <!-- runScenario -->
        <test-method is-config="true" signature="setUp(java.lang.String,java.lang.String,org.testng.ITestContext)[pri:0, instance:com.urbanladder.TestRunner.TestRunner@327af41b]" started-at="2025-09-01T17:16:16 IST" name="setUp" finished-at="2025-09-01T17:16:16 IST" duration-ms="1" status="PASS">
          <params>
            <param index="0">
              <value>
                <![CDATA[windows]]>
              </value>
            </param>
            <param index="1">
              <value>
                <![CDATA[chrome]]>
              </value>
            </param>
            <param index="2">
              <value>
                <![CDATA[org.testng.TestRunner@5a2d131d]]>
              </value>
            </param>
          </params>
          <reporter-output>
          </reporter-output>
        </test-method> <!-- setUp -->
        <test-method signature="runScenario(io.cucumber.testng.PickleWrapper,io.cucumber.testng.FeatureWrapper)[pri:0, instance:com.urbanladder.TestRunner.TestRunner@327af41b]" started-at="2025-09-01T17:16:16 IST" name="runScenario" description="Runs Cucumber Scenarios" data-provider="scenarios" finished-at="2025-09-01T17:16:16 IST" duration-ms="28" status="FAIL">
          <params>
            <param index="0">
              <value>
                <![CDATA["Extract top study chair products and return to homepage"]]>
              </value>
            </param>
            <param index="1">
              <value>
                <![CDATA["Capture Study Chair details from Urban Ladder"]]>
              </value>
            </param>
          </params>
          <exception class="java.lang.NoClassDefFoundError">
            <message>
              <![CDATA[Could not initialize class com.urbanladder.utils.ConfigReader]]>
            </message>
            <full-stacktrace>
              <![CDATA[java.lang.NoClassDefFoundError: Could not initialize class com.urbanladder.utils.ConfigReader
at com.urbanladder.base.DriverSetup.initializeDriver(DriverSetup.java:44)
at com.urbanladder.Hooks.Hooks.setup(Hooks.java:36)
Caused by: java.lang.ExceptionInInitializerError: Exception java.lang.RuntimeException: Allure configuration file not found [in thread "TestNG-tests-1"]
at com.urbanladder.utils.ConfigReader.loadAllureProperties(ConfigReader.java:58)
at com.urbanladder.utils.ConfigReader.<clinit>(ConfigReader.java:27)
... 2 more
]]>
            </full-stacktrace>
          </exception> <!-- java.lang.NoClassDefFoundError -->
          <reporter-output>
          </reporter-output>
        </test-method> <!-- runScenario -->
        <test-method is-config="true" signature="setUp(java.lang.String,java.lang.String,org.testng.ITestContext)[pri:0, instance:com.urbanladder.TestRunner.TestRunner@327af41b]" started-at="2025-09-01T17:16:16 IST" name="setUp" finished-at="2025-09-01T17:16:16 IST" duration-ms="3" status="PASS">
          <params>
            <param index="0">
              <value>
                <![CDATA[windows]]>
              </value>
            </param>
            <param index="1">
              <value>
                <![CDATA[chrome]]>
              </value>
            </param>
            <param index="2">
              <value>
                <![CDATA[org.testng.TestRunner@5a2d131d]]>
              </value>
            </param>
          </params>
          <reporter-output>
          </reporter-output>
        </test-method> <!-- setUp -->
        <test-method retried="true" signature="runScenario(io.cucumber.testng.PickleWrapper,io.cucumber.testng.FeatureWrapper)[pri:0, instance:com.urbanladder.TestRunner.TestRunner@327af41b]" started-at="2025-09-01T17:16:16 IST" name="runScenario" description="Runs Cucumber Scenarios" data-provider="scenarios" finished-at="2025-09-01T17:16:16 IST" duration-ms="40" status="SKIP">
          <params>
            <param index="0">
              <value>
                <![CDATA["Extract top bookshelves after applying filters and return to homepage"]]>
              </value>
            </param>
            <param index="1">
              <value>
                <![CDATA["Capture Bookshelves details from Urban Ladder"]]>
              </value>
            </param>
          </params>
          <exception class="java.lang.NoClassDefFoundError">
            <message>
              <![CDATA[Could not initialize class com.urbanladder.utils.ConfigReader]]>
            </message>
            <full-stacktrace>
              <![CDATA[java.lang.NoClassDefFoundError: Could not initialize class com.urbanladder.utils.ConfigReader
at com.urbanladder.base.DriverSetup.initializeDriver(DriverSetup.java:44)
at com.urbanladder.Hooks.Hooks.setup(Hooks.java:36)
Caused by: java.lang.ExceptionInInitializerError: Exception java.lang.RuntimeException: Allure configuration file not found [in thread "TestNG-tests-1"]
at com.urbanladder.utils.ConfigReader.loadAllureProperties(ConfigReader.java:58)
at com.urbanladder.utils.ConfigReader.<clinit>(ConfigReader.java:27)
... 2 more
]]>
            </full-stacktrace>
          </exception> <!-- java.lang.NoClassDefFoundError -->
          <reporter-output>
          </reporter-output>
        </test-method> <!-- runScenario -->
        <test-method is-config="true" signature="setUp(java.lang.String,java.lang.String,org.testng.ITestContext)[pri:0, instance:com.urbanladder.TestRunner.TestRunner@327af41b]" started-at="2025-09-01T17:16:16 IST" name="setUp" finished-at="2025-09-01T17:16:16 IST" duration-ms="0" status="PASS">
          <params>
            <param index="0">
              <value>
                <![CDATA[windows]]>
              </value>
            </param>
            <param index="1">
              <value>
                <![CDATA[chrome]]>
              </value>
            </param>
            <param index="2">
              <value>
                <![CDATA[org.testng.TestRunner@5a2d131d]]>
              </value>
            </param>
          </params>
          <reporter-output>
          </reporter-output>
        </test-method> <!-- setUp -->
        <test-method signature="runScenario(io.cucumber.testng.PickleWrapper,io.cucumber.testng.FeatureWrapper)[pri:0, instance:com.urbanladder.TestRunner.TestRunner@327af41b]" started-at="2025-09-01T17:16:16 IST" name="runScenario" description="Runs Cucumber Scenarios" data-provider="scenarios" finished-at="2025-09-01T17:16:16 IST" duration-ms="32" status="FAIL">
          <params>
            <param index="0">
              <value>
                <![CDATA["Extract top bookshelves after applying filters and return to homepage"]]>
              </value>
            </param>
            <param index="1">
              <value>
                <![CDATA["Capture Bookshelves details from Urban Ladder"]]>
              </value>
            </param>
          </params>
          <exception class="java.lang.NoClassDefFoundError">
            <message>
              <![CDATA[Could not initialize class com.urbanladder.utils.ConfigReader]]>
            </message>
            <full-stacktrace>
              <![CDATA[java.lang.NoClassDefFoundError: Could not initialize class com.urbanladder.utils.ConfigReader
at com.urbanladder.base.DriverSetup.initializeDriver(DriverSetup.java:44)
at com.urbanladder.Hooks.Hooks.setup(Hooks.java:36)
Caused by: java.lang.ExceptionInInitializerError: Exception java.lang.RuntimeException: Allure configuration file not found [in thread "TestNG-tests-1"]
at com.urbanladder.utils.ConfigReader.loadAllureProperties(ConfigReader.java:58)
at com.urbanladder.utils.ConfigReader.<clinit>(ConfigReader.java:27)
... 2 more
]]>
            </full-stacktrace>
          </exception> <!-- java.lang.NoClassDefFoundError -->
          <reporter-output>
          </reporter-output>
        </test-method> <!-- runScenario -->
        <test-method is-config="true" signature="setUp(java.lang.String,java.lang.String,org.testng.ITestContext)[pri:0, instance:com.urbanladder.TestRunner.TestRunner@327af41b]" started-at="2025-09-01T17:16:16 IST" name="setUp" finished-at="2025-09-01T17:16:16 IST" duration-ms="2" status="PASS">
          <params>
            <param index="0">
              <value>
                <![CDATA[windows]]>
              </value>
            </param>
            <param index="1">
              <value>
                <![CDATA[chrome]]>
              </value>
            </param>
            <param index="2">
              <value>
                <![CDATA[org.testng.TestRunner@5a2d131d]]>
              </value>
            </param>
          </params>
          <reporter-output>
          </reporter-output>
        </test-method> <!-- setUp -->
        <test-method retried="true" signature="runScenario(io.cucumber.testng.PickleWrapper,io.cucumber.testng.FeatureWrapper)[pri:0, instance:com.urbanladder.TestRunner.TestRunner@327af41b]" started-at="2025-09-01T17:16:16 IST" name="runScenario" description="Runs Cucumber Scenarios" data-provider="scenarios" finished-at="2025-09-01T17:16:16 IST" duration-ms="27" status="SKIP">
          <params>
            <param index="0">
              <value>
                <![CDATA["Extract Hyderabad store names and return to homepage"]]>
              </value>
            </param>
            <param index="1">
              <value>
                <![CDATA["Capture Hyderabad store details from Urban Ladder"]]>
              </value>
            </param>
          </params>
          <exception class="java.lang.NoClassDefFoundError">
            <message>
              <![CDATA[Could not initialize class com.urbanladder.utils.ConfigReader]]>
            </message>
            <full-stacktrace>
              <![CDATA[java.lang.NoClassDefFoundError: Could not initialize class com.urbanladder.utils.ConfigReader
at com.urbanladder.base.DriverSetup.initializeDriver(DriverSetup.java:44)
at com.urbanladder.Hooks.Hooks.setup(Hooks.java:36)
Caused by: java.lang.ExceptionInInitializerError: Exception java.lang.RuntimeException: Allure configuration file not found [in thread "TestNG-tests-1"]
at com.urbanladder.utils.ConfigReader.loadAllureProperties(ConfigReader.java:58)
at com.urbanladder.utils.ConfigReader.<clinit>(ConfigReader.java:27)
... 2 more
]]>
            </full-stacktrace>
          </exception> <!-- java.lang.NoClassDefFoundError -->
          <reporter-output>
          </reporter-output>
        </test-method> <!-- runScenario -->
        <test-method is-config="true" signature="setUp(java.lang.String,java.lang.String,org.testng.ITestContext)[pri:0, instance:com.urbanladder.TestRunner.TestRunner@327af41b]" started-at="2025-09-01T17:16:16 IST" name="setUp" finished-at="2025-09-01T17:16:16 IST" duration-ms="1" status="PASS">
          <params>
            <param index="0">
              <value>
                <![CDATA[windows]]>
              </value>
            </param>
            <param index="1">
              <value>
                <![CDATA[chrome]]>
              </value>
            </param>
            <param index="2">
              <value>
                <![CDATA[org.testng.TestRunner@5a2d131d]]>
              </value>
            </param>
          </params>
          <reporter-output>
          </reporter-output>
        </test-method> <!-- setUp -->
        <test-method signature="runScenario(io.cucumber.testng.PickleWrapper,io.cucumber.testng.FeatureWrapper)[pri:0, instance:com.urbanladder.TestRunner.TestRunner@327af41b]" started-at="2025-09-01T17:16:16 IST" name="runScenario" description="Runs Cucumber Scenarios" data-provider="scenarios" finished-at="2025-09-01T17:16:16 IST" duration-ms="19" status="FAIL">
          <params>
            <param index="0">
              <value>
                <![CDATA["Extract Hyderabad store names and return to homepage"]]>
              </value>
            </param>
            <param index="1">
              <value>
                <![CDATA["Capture Hyderabad store details from Urban Ladder"]]>
              </value>
            </param>
          </params>
          <exception class="java.lang.NoClassDefFoundError">
            <message>
              <![CDATA[Could not initialize class com.urbanladder.utils.ConfigReader]]>
            </message>
            <full-stacktrace>
              <![CDATA[java.lang.NoClassDefFoundError: Could not initialize class com.urbanladder.utils.ConfigReader
at com.urbanladder.base.DriverSetup.initializeDriver(DriverSetup.java:44)
at com.urbanladder.Hooks.Hooks.setup(Hooks.java:36)
Caused by: java.lang.ExceptionInInitializerError: Exception java.lang.RuntimeException: Allure configuration file not found [in thread "TestNG-tests-1"]
at com.urbanladder.utils.ConfigReader.loadAllureProperties(ConfigReader.java:58)
at com.urbanladder.utils.ConfigReader.<clinit>(ConfigReader.java:27)
... 2 more
]]>
            </full-stacktrace>
          </exception> <!-- java.lang.NoClassDefFoundError -->
          <reporter-output>
          </reporter-output>
        </test-method> <!-- runScenario -->
        <test-method is-config="true" signature="setUp(java.lang.String,java.lang.String,org.testng.ITestContext)[pri:0, instance:com.urbanladder.TestRunner.TestRunner@327af41b]" started-at="2025-09-01T17:16:16 IST" name="setUp" finished-at="2025-09-01T17:16:16 IST" duration-ms="1" status="PASS">
          <params>
            <param index="0">
              <value>
                <![CDATA[windows]]>
              </value>
            </param>
            <param index="1">
              <value>
                <![CDATA[chrome]]>
              </value>
            </param>
            <param index="2">
              <value>
                <![CDATA[org.testng.TestRunner@5a2d131d]]>
              </value>
            </param>
          </params>
          <reporter-output>
          </reporter-output>
        </test-method> <!-- setUp -->
        <test-method retried="true" signature="runScenario(io.cucumber.testng.PickleWrapper,io.cucumber.testng.FeatureWrapper)[pri:0, instance:com.urbanladder.TestRunner.TestRunner@327af41b]" started-at="2025-09-01T17:16:16 IST" name="runScenario" description="Runs Cucumber Scenarios" data-provider="scenarios" finished-at="2025-09-01T17:16:16 IST" duration-ms="25" status="SKIP">
          <params>
            <param index="0">
              <value>
                <![CDATA["Search product from JSON and verify it in wishlist"]]>
              </value>
            </param>
            <param index="1">
              <value>
                <![CDATA["Add product to wishlist from Urban Ladder"]]>
              </value>
            </param>
          </params>
          <exception class="java.lang.NoClassDefFoundError">
            <message>
              <![CDATA[Could not initialize class com.urbanladder.utils.ConfigReader]]>
            </message>
            <full-stacktrace>
              <![CDATA[java.lang.NoClassDefFoundError: Could not initialize class com.urbanladder.utils.ConfigReader
at com.urbanladder.base.DriverSetup.initializeDriver(DriverSetup.java:44)
at com.urbanladder.Hooks.Hooks.setup(Hooks.java:36)
Caused by: java.lang.ExceptionInInitializerError: Exception java.lang.RuntimeException: Allure configuration file not found [in thread "TestNG-tests-1"]
at com.urbanladder.utils.ConfigReader.loadAllureProperties(ConfigReader.java:58)
at com.urbanladder.utils.ConfigReader.<clinit>(ConfigReader.java:27)
... 2 more
]]>
            </full-stacktrace>
          </exception> <!-- java.lang.NoClassDefFoundError -->
          <reporter-output>
          </reporter-output>
        </test-method> <!-- runScenario -->
        <test-method is-config="true" signature="setUp(java.lang.String,java.lang.String,org.testng.ITestContext)[pri:0, instance:com.urbanladder.TestRunner.TestRunner@327af41b]" started-at="2025-09-01T17:16:16 IST" name="setUp" finished-at="2025-09-01T17:16:16 IST" duration-ms="2" status="PASS">
          <params>
            <param index="0">
              <value>
                <![CDATA[windows]]>
              </value>
            </param>
            <param index="1">
              <value>
                <![CDATA[chrome]]>
              </value>
            </param>
            <param index="2">
              <value>
                <![CDATA[org.testng.TestRunner@5a2d131d]]>
              </value>
            </param>
          </params>
          <reporter-output>
          </reporter-output>
        </test-method> <!-- setUp -->
        <test-method signature="runScenario(io.cucumber.testng.PickleWrapper,io.cucumber.testng.FeatureWrapper)[pri:0, instance:com.urbanladder.TestRunner.TestRunner@327af41b]" started-at="2025-09-01T17:16:16 IST" name="runScenario" description="Runs Cucumber Scenarios" data-provider="scenarios" finished-at="2025-09-01T17:16:16 IST" duration-ms="20" status="FAIL">
          <params>
            <param index="0">
              <value>
                <![CDATA["Search product from JSON and verify it in wishlist"]]>
              </value>
            </param>
            <param index="1">
              <value>
                <![CDATA["Add product to wishlist from Urban Ladder"]]>
              </value>
            </param>
          </params>
          <exception class="java.lang.NoClassDefFoundError">
            <message>
              <![CDATA[Could not initialize class com.urbanladder.utils.ConfigReader]]>
            </message>
            <full-stacktrace>
              <![CDATA[java.lang.NoClassDefFoundError: Could not initialize class com.urbanladder.utils.ConfigReader
at com.urbanladder.base.DriverSetup.initializeDriver(DriverSetup.java:44)
at com.urbanladder.Hooks.Hooks.setup(Hooks.java:36)
Caused by: java.lang.ExceptionInInitializerError: Exception java.lang.RuntimeException: Allure configuration file not found [in thread "TestNG-tests-1"]
at com.urbanladder.utils.ConfigReader.loadAllureProperties(ConfigReader.java:58)
at com.urbanladder.utils.ConfigReader.<clinit>(ConfigReader.java:27)
... 2 more
]]>
            </full-stacktrace>
          </exception> <!-- java.lang.NoClassDefFoundError -->
          <reporter-output>
          </reporter-output>
        </test-method> <!-- runScenario -->
        <test-method is-config="true" signature="setUp(java.lang.String,java.lang.String,org.testng.ITestContext)[pri:0, instance:com.urbanladder.TestRunner.TestRunner@327af41b]" started-at="2025-09-01T17:16:16 IST" name="setUp" finished-at="2025-09-01T17:16:16 IST" duration-ms="2" status="PASS">
          <params>
            <param index="0">
              <value>
                <![CDATA[windows]]>
              </value>
            </param>
            <param index="1">
              <value>
                <![CDATA[chrome]]>
              </value>
            </param>
            <param index="2">
              <value>
                <![CDATA[org.testng.TestRunner@5a2d131d]]>
              </value>
            </param>
          </params>
          <reporter-output>
          </reporter-output>
        </test-method> <!-- setUp -->
        <test-method retried="true" signature="runScenario(io.cucumber.testng.PickleWrapper,io.cucumber.testng.FeatureWrapper)[pri:0, instance:com.urbanladder.TestRunner.TestRunner@327af41b]" started-at="2025-09-01T17:16:16 IST" name="runScenario" description="Runs Cucumber Scenarios" data-provider="scenarios" finished-at="2025-09-01T17:16:16 IST" duration-ms="34" status="SKIP">
          <params>
            <param index="0">
              <value>
                <![CDATA["View product, add to cart, and proceed to checkout"]]>
              </value>
            </param>
            <param index="1">
              <value>
                <![CDATA["Checkout flow for a product on Urban Ladder"]]>
              </value>
            </param>
          </params>
          <exception class="java.lang.NoClassDefFoundError">
            <message>
              <![CDATA[Could not initialize class com.urbanladder.utils.ConfigReader]]>
            </message>
            <full-stacktrace>
              <![CDATA[java.lang.NoClassDefFoundError: Could not initialize class com.urbanladder.utils.ConfigReader
at com.urbanladder.base.DriverSetup.initializeDriver(DriverSetup.java:44)
at com.urbanladder.Hooks.Hooks.setup(Hooks.java:36)
Caused by: java.lang.ExceptionInInitializerError: Exception java.lang.RuntimeException: Allure configuration file not found [in thread "TestNG-tests-1"]
at com.urbanladder.utils.ConfigReader.loadAllureProperties(ConfigReader.java:58)
at com.urbanladder.utils.ConfigReader.<clinit>(ConfigReader.java:27)
... 2 more
]]>
            </full-stacktrace>
          </exception> <!-- java.lang.NoClassDefFoundError -->
          <reporter-output>
          </reporter-output>
        </test-method> <!-- runScenario -->
        <test-method is-config="true" signature="setUp(java.lang.String,java.lang.String,org.testng.ITestContext)[pri:0, instance:com.urbanladder.TestRunner.TestRunner@327af41b]" started-at="2025-09-01T17:16:16 IST" name="setUp" finished-at="2025-09-01T17:16:16 IST" duration-ms="1" status="PASS">
          <params>
            <param index="0">
              <value>
                <![CDATA[windows]]>
              </value>
            </param>
            <param index="1">
              <value>
                <![CDATA[chrome]]>
              </value>
            </param>
            <param index="2">
              <value>
                <![CDATA[org.testng.TestRunner@5a2d131d]]>
              </value>
            </param>
          </params>
          <reporter-output>
          </reporter-output>
        </test-method> <!-- setUp -->
        <test-method signature="runScenario(io.cucumber.testng.PickleWrapper,io.cucumber.testng.FeatureWrapper)[pri:0, instance:com.urbanladder.TestRunner.TestRunner@327af41b]" started-at="2025-09-01T17:16:16 IST" name="runScenario" description="Runs Cucumber Scenarios" data-provider="scenarios" finished-at="2025-09-01T17:16:16 IST" duration-ms="28" status="FAIL">
          <params>
            <param index="0">
              <value>
                <![CDATA["View product, add to cart, and proceed to checkout"]]>
              </value>
            </param>
            <param index="1">
              <value>
                <![CDATA["Checkout flow for a product on Urban Ladder"]]>
              </value>
            </param>
          </params>
          <exception class="java.lang.NoClassDefFoundError">
            <message>
              <![CDATA[Could not initialize class com.urbanladder.utils.ConfigReader]]>
            </message>
            <full-stacktrace>
              <![CDATA[java.lang.NoClassDefFoundError: Could not initialize class com.urbanladder.utils.ConfigReader
at com.urbanladder.base.DriverSetup.initializeDriver(DriverSetup.java:44)
at com.urbanladder.Hooks.Hooks.setup(Hooks.java:36)
Caused by: java.lang.ExceptionInInitializerError: Exception java.lang.RuntimeException: Allure configuration file not found [in thread "TestNG-tests-1"]
at com.urbanladder.utils.ConfigReader.loadAllureProperties(ConfigReader.java:58)
at com.urbanladder.utils.ConfigReader.<clinit>(ConfigReader.java:27)
... 2 more
]]>
            </full-stacktrace>
          </exception> <!-- java.lang.NoClassDefFoundError -->
          <reporter-output>
          </reporter-output>
        </test-method> <!-- runScenario -->
        <test-method is-config="true" signature="setUp(java.lang.String,java.lang.String,org.testng.ITestContext)[pri:0, instance:com.urbanladder.TestRunner.TestRunner@327af41b]" started-at="2025-09-01T17:16:16 IST" name="setUp" finished-at="2025-09-01T17:16:16 IST" duration-ms="1" status="PASS">
          <params>
            <param index="0">
              <value>
                <![CDATA[windows]]>
              </value>
            </param>
            <param index="1">
              <value>
                <![CDATA[chrome]]>
              </value>
            </param>
            <param index="2">
              <value>
                <![CDATA[org.testng.TestRunner@5a2d131d]]>
              </value>
            </param>
          </params>
          <reporter-output>
          </reporter-output>
        </test-method> <!-- setUp -->
        <test-method retried="true" signature="runScenario(io.cucumber.testng.PickleWrapper,io.cucumber.testng.FeatureWrapper)[pri:0, instance:com.urbanladder.TestRunner.TestRunner@327af41b]" started-at="2025-09-01T17:16:16 IST" name="runScenario" description="Runs Cucumber Scenarios" data-provider="scenarios" finished-at="2025-09-01T17:16:16 IST" duration-ms="43" status="SKIP">
          <params>
            <param index="0">
              <value>
                <![CDATA["Fill shipping address with valid and Invalid data"]]>
              </value>
            </param>
            <param index="1">
              <value>
                <![CDATA["Shipping Address Form Validation"]]>
              </value>
            </param>
          </params>
          <exception class="java.lang.NoClassDefFoundError">
            <message>
              <![CDATA[Could not initialize class com.urbanladder.utils.ConfigReader]]>
            </message>
            <full-stacktrace>
              <![CDATA[java.lang.NoClassDefFoundError: Could not initialize class com.urbanladder.utils.ConfigReader
at com.urbanladder.base.DriverSetup.initializeDriver(DriverSetup.java:44)
at com.urbanladder.Hooks.Hooks.setup(Hooks.java:36)
Caused by: java.lang.ExceptionInInitializerError: Exception java.lang.RuntimeException: Allure configuration file not found [in thread "TestNG-tests-1"]
at com.urbanladder.utils.ConfigReader.loadAllureProperties(ConfigReader.java:58)
at com.urbanladder.utils.ConfigReader.<clinit>(ConfigReader.java:27)
... 2 more
]]>
            </full-stacktrace>
          </exception> <!-- java.lang.NoClassDefFoundError -->
          <reporter-output>
          </reporter-output>
        </test-method> <!-- runScenario -->
        <test-method is-config="true" signature="setUp(java.lang.String,java.lang.String,org.testng.ITestContext)[pri:0, instance:com.urbanladder.TestRunner.TestRunner@327af41b]" started-at="2025-09-01T17:16:16 IST" name="setUp" finished-at="2025-09-01T17:16:16 IST" duration-ms="1" status="PASS">
          <params>
            <param index="0">
              <value>
                <![CDATA[windows]]>
              </value>
            </param>
            <param index="1">
              <value>
                <![CDATA[chrome]]>
              </value>
            </param>
            <param index="2">
              <value>
                <![CDATA[org.testng.TestRunner@5a2d131d]]>
              </value>
            </param>
          </params>
          <reporter-output>
          </reporter-output>
        </test-method> <!-- setUp -->
        <test-method signature="runScenario(io.cucumber.testng.PickleWrapper,io.cucumber.testng.FeatureWrapper)[pri:0, instance:com.urbanladder.TestRunner.TestRunner@327af41b]" started-at="2025-09-01T17:16:16 IST" name="runScenario" description="Runs Cucumber Scenarios" data-provider="scenarios" finished-at="2025-09-01T17:16:16 IST" duration-ms="34" status="FAIL">
          <params>
            <param index="0">
              <value>
                <![CDATA["Fill shipping address with valid and Invalid data"]]>
              </value>
            </param>
            <param index="1">
              <value>
                <![CDATA["Shipping Address Form Validation"]]>
              </value>
            </param>
          </params>
          <exception class="java.lang.NoClassDefFoundError">
            <message>
              <![CDATA[Could not initialize class com.urbanladder.utils.ConfigReader]]>
            </message>
            <full-stacktrace>
              <![CDATA[java.lang.NoClassDefFoundError: Could not initialize class com.urbanladder.utils.ConfigReader
at com.urbanladder.base.DriverSetup.initializeDriver(DriverSetup.java:44)
at com.urbanladder.Hooks.Hooks.setup(Hooks.java:36)
Caused by: java.lang.ExceptionInInitializerError: Exception java.lang.RuntimeException: Allure configuration file not found [in thread "TestNG-tests-1"]
at com.urbanladder.utils.ConfigReader.loadAllureProperties(ConfigReader.java:58)
at com.urbanladder.utils.ConfigReader.<clinit>(ConfigReader.java:27)
... 2 more
]]>
            </full-stacktrace>
          </exception> <!-- java.lang.NoClassDefFoundError -->
          <reporter-output>
          </reporter-output>
        </test-method> <!-- runScenario -->
        <test-method is-config="true" signature="tearDownClass()[pri:0, instance:com.urbanladder.TestRunner.TestRunner@327af41b]" started-at="2025-09-01T17:16:16 IST" name="tearDownClass" finished-at="2025-09-01T17:16:16 IST" duration-ms="112" status="PASS">
          <reporter-output>
          </reporter-output>
        </test-method> <!-- tearDownClass -->
      </class> <!-- com.urbanladder.TestRunner.TestRunner -->
    </test> <!-- UrbanladderTest_Chrome -->
  </suite> <!-- UrbanladderSuite -->
</testng-results>
