<?xml version="1.0" encoding="UTF-8"?>
<!-- Generated by org.testng.reporters.JUnitReportReporter -->
<testsuite hostname="LTIN654252" failures="0" tests="20" name="com.urbanladder.TestRunner.TestRunner" time="1.991" errors="10" timestamp="2025-09-01T17:16:17 IST" skipped="10">
  <testcase classname="com.urbanladder.TestRunner.TestRunner" name="runScenario" time="0.028">
    <error message="Could not initialize class com.urbanladder.utils.ConfigReader" type="java.lang.NoClassDefFoundError">
      <![CDATA[java.lang.NoClassDefFoundError: Could not initialize class com.urbanladder.utils.ConfigReader
at com.urbanladder.base.DriverSetup.initializeDriver(DriverSetup.java:44)
at com.urbanladder.Hooks.Hooks.setup(Hooks.java:36)
Caused by: java.lang.ExceptionInInitializerError: Exception java.lang.RuntimeException: Allure configuration file not found [in thread "TestNG-tests-1"]
at com.urbanladder.utils.ConfigReader.loadAllureProperties(ConfigReader.java:58)
at com.urbanladder.utils.ConfigReader.<clinit>(ConfigReader.java:27)
... 2 more
]]>
    </error>
  </testcase> <!-- runScenario -->
  <testcase classname="com.urbanladder.TestRunner.TestRunner" name="runScenario" time="0.037">
    <error message="Could not initialize class com.urbanladder.utils.ConfigReader" type="java.lang.NoClassDefFoundError">
      <![CDATA[java.lang.NoClassDefFoundError: Could not initialize class com.urbanladder.utils.ConfigReader
at com.urbanladder.base.DriverSetup.initializeDriver(DriverSetup.java:44)
at com.urbanladder.Hooks.Hooks.setup(Hooks.java:36)
Caused by: java.lang.ExceptionInInitializerError: Exception java.lang.RuntimeException: Allure configuration file not found [in thread "TestNG-tests-1"]
at com.urbanladder.utils.ConfigReader.loadAllureProperties(ConfigReader.java:58)
at com.urbanladder.utils.ConfigReader.<clinit>(ConfigReader.java:27)
... 2 more
]]>
    </error>
  </testcase> <!-- runScenario -->
  <testcase classname="com.urbanladder.TestRunner.TestRunner" name="runScenario" time="1.364">
    <skipped/>
  </testcase> <!-- runScenario -->
  <testcase classname="com.urbanladder.TestRunner.TestRunner" name="runScenario" time="0.032">
    <skipped/>
  </testcase> <!-- runScenario -->
  <testcase classname="com.urbanladder.TestRunner.TestRunner" name="runScenario" time="0.029">
    <error message="Could not initialize class com.urbanladder.utils.ConfigReader" type="java.lang.NoClassDefFoundError">
      <![CDATA[java.lang.NoClassDefFoundError: Could not initialize class com.urbanladder.utils.ConfigReader
at com.urbanladder.base.DriverSetup.initializeDriver(DriverSetup.java:44)
at com.urbanladder.Hooks.Hooks.setup(Hooks.java:36)
Caused by: java.lang.ExceptionInInitializerError: Exception java.lang.RuntimeException: Allure configuration file not found [in thread "TestNG-tests-1"]
at com.urbanladder.utils.ConfigReader.loadAllureProperties(ConfigReader.java:58)
at com.urbanladder.utils.ConfigReader.<clinit>(ConfigReader.java:27)
... 2 more
]]>
    </error>
  </testcase> <!-- runScenario -->
  <testcase classname="com.urbanladder.TestRunner.TestRunner" name="runScenario" time="0.034">
    <skipped/>
  </testcase> <!-- runScenario -->
  <testcase classname="com.urbanladder.TestRunner.TestRunner" name="runScenario" time="0.031">
    <error message="Could not initialize class com.urbanladder.utils.ConfigReader" type="java.lang.NoClassDefFoundError">
      <![CDATA[java.lang.NoClassDefFoundError: Could not initialize class com.urbanladder.utils.ConfigReader
at com.urbanladder.base.DriverSetup.initializeDriver(DriverSetup.java:44)
at com.urbanladder.Hooks.Hooks.setup(Hooks.java:36)
Caused by: java.lang.ExceptionInInitializerError: Exception java.lang.RuntimeException: Allure configuration file not found [in thread "TestNG-tests-1"]
at com.urbanladder.utils.ConfigReader.loadAllureProperties(ConfigReader.java:58)
at com.urbanladder.utils.ConfigReader.<clinit>(ConfigReader.java:27)
... 2 more
]]>
    </error>
  </testcase> <!-- runScenario -->
  <testcase classname="com.urbanladder.TestRunner.TestRunner" name="runScenario" time="0.026">
    <skipped/>
  </testcase> <!-- runScenario -->
  <testcase classname="com.urbanladder.TestRunner.TestRunner" name="runScenario" time="0.033">
    <error message="Could not initialize class com.urbanladder.utils.ConfigReader" type="java.lang.NoClassDefFoundError">
      <![CDATA[java.lang.NoClassDefFoundError: Could not initialize class com.urbanladder.utils.ConfigReader
at com.urbanladder.base.DriverSetup.initializeDriver(DriverSetup.java:44)
at com.urbanladder.Hooks.Hooks.setup(Hooks.java:36)
Caused by: java.lang.ExceptionInInitializerError: Exception java.lang.RuntimeException: Allure configuration file not found [in thread "TestNG-tests-1"]
at com.urbanladder.utils.ConfigReader.loadAllureProperties(ConfigReader.java:58)
at com.urbanladder.utils.ConfigReader.<clinit>(ConfigReader.java:27)
... 2 more
]]>
    </error>
  </testcase> <!-- runScenario -->
  <testcase classname="com.urbanladder.TestRunner.TestRunner" name="runScenario" time="0.050">
    <skipped/>
  </testcase> <!-- runScenario -->
  <testcase classname="com.urbanladder.TestRunner.TestRunner" name="runScenario" time="0.036">
    <skipped/>
  </testcase> <!-- runScenario -->
  <testcase classname="com.urbanladder.TestRunner.TestRunner" name="runScenario" time="0.030">
    <skipped/>
  </testcase> <!-- runScenario -->
  <testcase classname="com.urbanladder.TestRunner.TestRunner" name="runScenario" time="0.033">
    <error message="Could not initialize class com.urbanladder.utils.ConfigReader" type="java.lang.NoClassDefFoundError">
      <![CDATA[java.lang.NoClassDefFoundError: Could not initialize class com.urbanladder.utils.ConfigReader
at com.urbanladder.base.DriverSetup.initializeDriver(DriverSetup.java:44)
at com.urbanladder.Hooks.Hooks.setup(Hooks.java:36)
Caused by: java.lang.ExceptionInInitializerError: Exception java.lang.RuntimeException: Allure configuration file not found [in thread "TestNG-tests-1"]
at com.urbanladder.utils.ConfigReader.loadAllureProperties(ConfigReader.java:58)
at com.urbanladder.utils.ConfigReader.<clinit>(ConfigReader.java:27)
... 2 more
]]>
    </error>
  </testcase> <!-- runScenario -->
  <testcase classname="com.urbanladder.TestRunner.TestRunner" name="runScenario" time="0.026">
    <error message="Could not initialize class com.urbanladder.utils.ConfigReader" type="java.lang.NoClassDefFoundError">
      <![CDATA[java.lang.NoClassDefFoundError: Could not initialize class com.urbanladder.utils.ConfigReader
at com.urbanladder.base.DriverSetup.initializeDriver(DriverSetup.java:44)
at com.urbanladder.Hooks.Hooks.setup(Hooks.java:36)
Caused by: java.lang.ExceptionInInitializerError: Exception java.lang.RuntimeException: Allure configuration file not found [in thread "TestNG-tests-1"]
at com.urbanladder.utils.ConfigReader.loadAllureProperties(ConfigReader.java:58)
at com.urbanladder.utils.ConfigReader.<clinit>(ConfigReader.java:27)
... 2 more
]]>
    </error>
  </testcase> <!-- runScenario -->
  <testcase classname="com.urbanladder.TestRunner.TestRunner" name="runScenario" time="0.033">
    <error message="Could not initialize class com.urbanladder.utils.ConfigReader" type="java.lang.NoClassDefFoundError">
      <![CDATA[java.lang.NoClassDefFoundError: Could not initialize class com.urbanladder.utils.ConfigReader
at com.urbanladder.base.DriverSetup.initializeDriver(DriverSetup.java:44)
at com.urbanladder.Hooks.Hooks.setup(Hooks.java:36)
Caused by: java.lang.ExceptionInInitializerError: Exception java.lang.RuntimeException: Allure configuration file not found [in thread "TestNG-tests-1"]
at com.urbanladder.utils.ConfigReader.loadAllureProperties(ConfigReader.java:58)
at com.urbanladder.utils.ConfigReader.<clinit>(ConfigReader.java:27)
... 2 more
]]>
    </error>
  </testcase> <!-- runScenario -->
  <testcase classname="com.urbanladder.TestRunner.TestRunner" name="runScenario" time="0.044">
    <skipped/>
  </testcase> <!-- runScenario -->
  <testcase classname="com.urbanladder.TestRunner.TestRunner" name="runScenario" time="0.026">
    <error message="Could not initialize class com.urbanladder.utils.ConfigReader" type="java.lang.NoClassDefFoundError">
      <![CDATA[java.lang.NoClassDefFoundError: Could not initialize class com.urbanladder.utils.ConfigReader
at com.urbanladder.base.DriverSetup.initializeDriver(DriverSetup.java:44)
at com.urbanladder.Hooks.Hooks.setup(Hooks.java:36)
Caused by: java.lang.ExceptionInInitializerError: Exception java.lang.RuntimeException: Allure configuration file not found [in thread "TestNG-tests-1"]
at com.urbanladder.utils.ConfigReader.loadAllureProperties(ConfigReader.java:58)
at com.urbanladder.utils.ConfigReader.<clinit>(ConfigReader.java:27)
... 2 more
]]>
    </error>
  </testcase> <!-- runScenario -->
  <testcase classname="com.urbanladder.TestRunner.TestRunner" name="runScenario" time="0.021">
    <error message="Could not initialize class com.urbanladder.utils.ConfigReader" type="java.lang.NoClassDefFoundError">
      <![CDATA[java.lang.NoClassDefFoundError: Could not initialize class com.urbanladder.utils.ConfigReader
at com.urbanladder.base.DriverSetup.initializeDriver(DriverSetup.java:44)
at com.urbanladder.Hooks.Hooks.setup(Hooks.java:36)
Caused by: java.lang.ExceptionInInitializerError: Exception java.lang.RuntimeException: Allure configuration file not found [in thread "TestNG-tests-1"]
at com.urbanladder.utils.ConfigReader.loadAllureProperties(ConfigReader.java:58)
at com.urbanladder.utils.ConfigReader.<clinit>(ConfigReader.java:27)
... 2 more
]]>
    </error>
  </testcase> <!-- runScenario -->
  <testcase classname="com.urbanladder.TestRunner.TestRunner" name="runScenario" time="0.043">
    <skipped/>
  </testcase> <!-- runScenario -->
  <testcase classname="com.urbanladder.TestRunner.TestRunner" name="runScenario" time="0.035">
    <skipped/>
  </testcase> <!-- runScenario -->
</testsuite> <!-- com.urbanladder.TestRunner.TestRunner -->
