<html>
<head>
<title>TestNG:  UrbanladderTest_Chrome</title>
<link href="../testng.css" rel="stylesheet" type="text/css" />
<link href="../my-testng.css" rel="stylesheet" type="text/css" />

<style type="text/css">
.log { display: none;} 
.stack-trace { display: none;} 
</style>
<script type="text/javascript">
<!--
function flip(e) {
  current = e.style.display;
  if (current == 'block') {
    e.style.display = 'none';
    return 0;
  }
  else {
    e.style.display = 'block';
    return 1;
  }
}

function toggleBox(szDivId, elem, msg1, msg2)
{
  var res = -1;  if (document.getElementById) {
    res = flip(document.getElementById(szDivId));
  }
  else if (document.all) {
    // this is the way old msie versions work
    res = flip(document.all[szDivId]);
  }
  if(elem) {
    if(res == 0) elem.innerHTML = msg1; else elem.innerHTML = msg2;
  }

}

function toggleAllBoxes() {
  if (document.getElementsByTagName) {
    d = document.getElementsByTagName('div');
    for (i = 0; i < d.length; i++) {
      if (d[i].className == 'log') {
        flip(d[i]);
      }
    }
  }
}

// -->
</script>

</head>
<body>
<h2 align='center'>UrbanladderTest_Chrome</h2><table border='1' align="center">
<tr>
<td>Tests passed/Failed/Skipped:</td><td>0/10/10</td>
</tr><tr>
<td>Started on:</td><td>Mon Sep 01 17:16:13 IST 2025</td>
</tr>
<tr><td>Total time:</td><td>3 seconds (3259 ms)</td>
</tr><tr>
<td>Included groups:</td><td></td>
</tr><tr>
<td>Excluded groups:</td><td></td>
</tr>
</table><p/>
<small><i>(Hover the method name to see the test class name)</i></small><p/>
<table width='100%' border='1' class='invocation-failed'>
<tr><td colspan='4' align='center'><b>FAILED TESTS</b></td></tr>
<tr><td><b>Test method</b></td>
<td><b>Attribute(s)</b></td>
<td width="30%"><b>Exception</b></td>
<td width="10%"><b>Time (seconds)</b></td>
<td><b>Instance</b></td>
</tr>
<tr>
<td title='com.urbanladder.TestRunner.TestRunner.runScenario()'><b>runScenario</b><br>Test class: com.urbanladder.TestRunner.TestRunner<br>Test method: Runs Cucumber Scenarios<br>Parameters: "View product, add to cart, and proceed to checkout", "Checkout flow for a product on Urban Ladder"</td>
<td><div><pre>java.lang.NoClassDefFoundError: Could not initialize class com.urbanladder.utils.ConfigReader
	at com.urbanladder.base.DriverSetup.initializeDriver(DriverSetup.java:44)
	at com.urbanladder.Hooks.Hooks.setup(Hooks.java:36)
Caused by: java.lang.ExceptionInInitializerError: Exception java.lang.RuntimeException: Allure configuration file not found [in thread &quot;TestNG-tests-1&quot;]
	at com.urbanladder.utils.ConfigReader.loadAllureProperties(ConfigReader.java:58)
	at com.urbanladder.utils.ConfigReader.&lt;clinit&gt;(ConfigReader.java:27)
	... 2 more
</pre></div><a href='#' onClick='toggleBox("stack-trace867236048", this, "Click to show all stack frames", "Click to hide stack frames")'>Click to show all stack frames</a>
<div class='stack-trace' id='stack-trace867236048'><pre>java.lang.NoClassDefFoundError: Could not initialize class com.urbanladder.utils.ConfigReader
	at com.urbanladder.base.DriverSetup.initializeDriver(DriverSetup.java:44)
	at com.urbanladder.Hooks.Hooks.setup(Hooks.java:36)
Caused by: java.lang.ExceptionInInitializerError: Exception java.lang.RuntimeException: Allure configuration file not found [in thread &quot;TestNG-tests-1&quot;]
	at com.urbanladder.utils.ConfigReader.loadAllureProperties(ConfigReader.java:58)
	at com.urbanladder.utils.ConfigReader.&lt;clinit&gt;(ConfigReader.java:27)
	... 2 more
</pre></div></td>
<td>0</td>
<td>com.urbanladder.TestRunner.TestRunner@327af41b</td></tr>
<tr>
<td title='com.urbanladder.TestRunner.TestRunner.runScenario()'><b>runScenario</b><br>Test class: com.urbanladder.TestRunner.TestRunner<br>Test method: Runs Cucumber Scenarios<br>Parameters: "Fill shipping address with valid and Invalid data", "Shipping Address Form Validation"</td>
<td><div><pre>java.lang.NoClassDefFoundError: Could not initialize class com.urbanladder.utils.ConfigReader
	at com.urbanladder.base.DriverSetup.initializeDriver(DriverSetup.java:44)
	at com.urbanladder.Hooks.Hooks.setup(Hooks.java:36)
Caused by: java.lang.ExceptionInInitializerError: Exception java.lang.RuntimeException: Allure configuration file not found [in thread &quot;TestNG-tests-1&quot;]
	at com.urbanladder.utils.ConfigReader.loadAllureProperties(ConfigReader.java:58)
	at com.urbanladder.utils.ConfigReader.&lt;clinit&gt;(ConfigReader.java:27)
	... 2 more
</pre></div><a href='#' onClick='toggleBox("stack-trace1284951414", this, "Click to show all stack frames", "Click to hide stack frames")'>Click to show all stack frames</a>
<div class='stack-trace' id='stack-trace1284951414'><pre>java.lang.NoClassDefFoundError: Could not initialize class com.urbanladder.utils.ConfigReader
	at com.urbanladder.base.DriverSetup.initializeDriver(DriverSetup.java:44)
	at com.urbanladder.Hooks.Hooks.setup(Hooks.java:36)
Caused by: java.lang.ExceptionInInitializerError: Exception java.lang.RuntimeException: Allure configuration file not found [in thread &quot;TestNG-tests-1&quot;]
	at com.urbanladder.utils.ConfigReader.loadAllureProperties(ConfigReader.java:58)
	at com.urbanladder.utils.ConfigReader.&lt;clinit&gt;(ConfigReader.java:27)
	... 2 more
</pre></div></td>
<td>0</td>
<td>com.urbanladder.TestRunner.TestRunner@327af41b</td></tr>
<tr>
<td title='com.urbanladder.TestRunner.TestRunner.runScenario()'><b>runScenario</b><br>Test class: com.urbanladder.TestRunner.TestRunner<br>Test method: Runs Cucumber Scenarios<br>Parameters: "Access help topics and navigate back to home", "Help Page Interaction Flow"</td>
<td><div><pre>java.lang.NoClassDefFoundError: Could not initialize class com.urbanladder.utils.ConfigReader
	at com.urbanladder.base.DriverSetup.initializeDriver(DriverSetup.java:44)
	at com.urbanladder.Hooks.Hooks.setup(Hooks.java:36)
Caused by: java.lang.ExceptionInInitializerError: Exception java.lang.RuntimeException: Allure configuration file not found [in thread &quot;TestNG-tests-1&quot;]
	at com.urbanladder.utils.ConfigReader.loadAllureProperties(ConfigReader.java:58)
	at com.urbanladder.utils.ConfigReader.&lt;clinit&gt;(ConfigReader.java:27)
	... 2 more
</pre></div><a href='#' onClick='toggleBox("stack-trace1848310459", this, "Click to show all stack frames", "Click to hide stack frames")'>Click to show all stack frames</a>
<div class='stack-trace' id='stack-trace1848310459'><pre>java.lang.NoClassDefFoundError: Could not initialize class com.urbanladder.utils.ConfigReader
	at com.urbanladder.base.DriverSetup.initializeDriver(DriverSetup.java:44)
	at com.urbanladder.Hooks.Hooks.setup(Hooks.java:36)
Caused by: java.lang.ExceptionInInitializerError: Exception java.lang.RuntimeException: Allure configuration file not found [in thread &quot;TestNG-tests-1&quot;]
	at com.urbanladder.utils.ConfigReader.loadAllureProperties(ConfigReader.java:58)
	at com.urbanladder.utils.ConfigReader.&lt;clinit&gt;(ConfigReader.java:27)
	... 2 more
</pre></div></td>
<td>0</td>
<td>com.urbanladder.TestRunner.TestRunner@327af41b</td></tr>
<tr>
<td title='com.urbanladder.TestRunner.TestRunner.runScenario()'><b>runScenario</b><br>Test class: com.urbanladder.TestRunner.TestRunner<br>Test method: Runs Cucumber Scenarios<br>Parameters: "Extract top study chair products and return to homepage", "Capture Study Chair details from Urban Ladder"</td>
<td><div><pre>java.lang.NoClassDefFoundError: Could not initialize class com.urbanladder.utils.ConfigReader
	at com.urbanladder.base.DriverSetup.initializeDriver(DriverSetup.java:44)
	at com.urbanladder.Hooks.Hooks.setup(Hooks.java:36)
Caused by: java.lang.ExceptionInInitializerError: Exception java.lang.RuntimeException: Allure configuration file not found [in thread &quot;TestNG-tests-1&quot;]
	at com.urbanladder.utils.ConfigReader.loadAllureProperties(ConfigReader.java:58)
	at com.urbanladder.utils.ConfigReader.&lt;clinit&gt;(ConfigReader.java:27)
	... 2 more
</pre></div><a href='#' onClick='toggleBox("stack-trace494307252", this, "Click to show all stack frames", "Click to hide stack frames")'>Click to show all stack frames</a>
<div class='stack-trace' id='stack-trace494307252'><pre>java.lang.NoClassDefFoundError: Could not initialize class com.urbanladder.utils.ConfigReader
	at com.urbanladder.base.DriverSetup.initializeDriver(DriverSetup.java:44)
	at com.urbanladder.Hooks.Hooks.setup(Hooks.java:36)
Caused by: java.lang.ExceptionInInitializerError: Exception java.lang.RuntimeException: Allure configuration file not found [in thread &quot;TestNG-tests-1&quot;]
	at com.urbanladder.utils.ConfigReader.loadAllureProperties(ConfigReader.java:58)
	at com.urbanladder.utils.ConfigReader.&lt;clinit&gt;(ConfigReader.java:27)
	... 2 more
</pre></div></td>
<td>0</td>
<td>com.urbanladder.TestRunner.TestRunner@327af41b</td></tr>
<tr>
<td title='com.urbanladder.TestRunner.TestRunner.runScenario()'><b>runScenario</b><br>Test class: com.urbanladder.TestRunner.TestRunner<br>Test method: Runs Cucumber Scenarios<br>Parameters: "Search for 'Being at Home' items and store top results", "Search and capture top items from Urban Ladder"</td>
<td><div><pre>java.lang.NoClassDefFoundError: Could not initialize class com.urbanladder.utils.ConfigReader
	at com.urbanladder.base.DriverSetup.initializeDriver(DriverSetup.java:44)
	at com.urbanladder.Hooks.Hooks.setup(Hooks.java:36)
Caused by: java.lang.ExceptionInInitializerError: Exception java.lang.RuntimeException: Allure configuration file not found [in thread &quot;TestNG-tests-1&quot;]
	at com.urbanladder.utils.ConfigReader.loadAllureProperties(ConfigReader.java:58)
	at com.urbanladder.utils.ConfigReader.&lt;clinit&gt;(ConfigReader.java:27)
	... 2 more
</pre></div><a href='#' onClick='toggleBox("stack-trace492864963", this, "Click to show all stack frames", "Click to hide stack frames")'>Click to show all stack frames</a>
<div class='stack-trace' id='stack-trace492864963'><pre>java.lang.NoClassDefFoundError: Could not initialize class com.urbanladder.utils.ConfigReader
	at com.urbanladder.base.DriverSetup.initializeDriver(DriverSetup.java:44)
	at com.urbanladder.Hooks.Hooks.setup(Hooks.java:36)
Caused by: java.lang.ExceptionInInitializerError: Exception java.lang.RuntimeException: Allure configuration file not found [in thread &quot;TestNG-tests-1&quot;]
	at com.urbanladder.utils.ConfigReader.loadAllureProperties(ConfigReader.java:58)
	at com.urbanladder.utils.ConfigReader.&lt;clinit&gt;(ConfigReader.java:27)
	... 2 more
</pre></div></td>
<td>0</td>
<td>com.urbanladder.TestRunner.TestRunner@327af41b</td></tr>
<tr>
<td title='com.urbanladder.TestRunner.TestRunner.runScenario()'><b>runScenario</b><br>Test class: com.urbanladder.TestRunner.TestRunner<br>Test method: Runs Cucumber Scenarios<br>Parameters: "Perform login and verify social media icons and home logo navigation", "Complete Home Page Interaction Flow"</td>
<td><div><pre>java.lang.NoClassDefFoundError: Could not initialize class com.urbanladder.utils.ConfigReader
	at com.urbanladder.base.DriverSetup.initializeDriver(DriverSetup.java:44)
	at com.urbanladder.Hooks.Hooks.setup(Hooks.java:36)
Caused by: java.lang.ExceptionInInitializerError: Exception java.lang.RuntimeException: Allure configuration file not found [in thread &quot;TestNG-tests-1&quot;]
	at com.urbanladder.utils.ConfigReader.loadAllureProperties(ConfigReader.java:58)
	at com.urbanladder.utils.ConfigReader.&lt;clinit&gt;(ConfigReader.java:27)
	... 2 more
</pre></div><a href='#' onClick='toggleBox("stack-trace621017670", this, "Click to show all stack frames", "Click to hide stack frames")'>Click to show all stack frames</a>
<div class='stack-trace' id='stack-trace621017670'><pre>java.lang.NoClassDefFoundError: Could not initialize class com.urbanladder.utils.ConfigReader
	at com.urbanladder.base.DriverSetup.initializeDriver(DriverSetup.java:44)
	at com.urbanladder.Hooks.Hooks.setup(Hooks.java:36)
Caused by: java.lang.ExceptionInInitializerError: Exception java.lang.RuntimeException: Allure configuration file not found [in thread &quot;TestNG-tests-1&quot;]
	at com.urbanladder.utils.ConfigReader.loadAllureProperties(ConfigReader.java:58)
	at com.urbanladder.utils.ConfigReader.&lt;clinit&gt;(ConfigReader.java:27)
	... 2 more
</pre></div></td>
<td>0</td>
<td>com.urbanladder.TestRunner.TestRunner@327af41b</td></tr>
<tr>
<td title='com.urbanladder.TestRunner.TestRunner.runScenario()'><b>runScenario</b><br>Test class: com.urbanladder.TestRunner.TestRunner<br>Test method: Runs Cucumber Scenarios<br>Parameters: "Navigate to Urban Ladder homepage", "Search and capture top items from Urban Ladder"</td>
<td><div><pre>java.lang.NoClassDefFoundError: Could not initialize class com.urbanladder.utils.ConfigReader
	at com.urbanladder.base.DriverSetup.initializeDriver(DriverSetup.java:44)
	at com.urbanladder.Hooks.Hooks.setup(Hooks.java:36)
Caused by: java.lang.ExceptionInInitializerError: Exception java.lang.RuntimeException: Allure configuration file not found [in thread &quot;TestNG-tests-1&quot;]
	at com.urbanladder.utils.ConfigReader.loadAllureProperties(ConfigReader.java:58)
	at com.urbanladder.utils.ConfigReader.&lt;clinit&gt;(ConfigReader.java:27)
	... 2 more
</pre></div><a href='#' onClick='toggleBox("stack-trace1578969803", this, "Click to show all stack frames", "Click to hide stack frames")'>Click to show all stack frames</a>
<div class='stack-trace' id='stack-trace1578969803'><pre>java.lang.NoClassDefFoundError: Could not initialize class com.urbanladder.utils.ConfigReader
	at com.urbanladder.base.DriverSetup.initializeDriver(DriverSetup.java:44)
	at com.urbanladder.Hooks.Hooks.setup(Hooks.java:36)
Caused by: java.lang.ExceptionInInitializerError: Exception java.lang.RuntimeException: Allure configuration file not found [in thread &quot;TestNG-tests-1&quot;]
	at com.urbanladder.utils.ConfigReader.loadAllureProperties(ConfigReader.java:58)
	at com.urbanladder.utils.ConfigReader.&lt;clinit&gt;(ConfigReader.java:27)
	... 2 more
</pre></div></td>
<td>0</td>
<td>com.urbanladder.TestRunner.TestRunner@327af41b</td></tr>
<tr>
<td title='com.urbanladder.TestRunner.TestRunner.runScenario()'><b>runScenario</b><br>Test class: com.urbanladder.TestRunner.TestRunner<br>Test method: Runs Cucumber Scenarios<br>Parameters: "Search product from JSON and verify it in wishlist", "Add product to wishlist from Urban Ladder"</td>
<td><div><pre>java.lang.NoClassDefFoundError: Could not initialize class com.urbanladder.utils.ConfigReader
	at com.urbanladder.base.DriverSetup.initializeDriver(DriverSetup.java:44)
	at com.urbanladder.Hooks.Hooks.setup(Hooks.java:36)
Caused by: java.lang.ExceptionInInitializerError: Exception java.lang.RuntimeException: Allure configuration file not found [in thread &quot;TestNG-tests-1&quot;]
	at com.urbanladder.utils.ConfigReader.loadAllureProperties(ConfigReader.java:58)
	at com.urbanladder.utils.ConfigReader.&lt;clinit&gt;(ConfigReader.java:27)
	... 2 more
</pre></div><a href='#' onClick='toggleBox("stack-trace380171472", this, "Click to show all stack frames", "Click to hide stack frames")'>Click to show all stack frames</a>
<div class='stack-trace' id='stack-trace380171472'><pre>java.lang.NoClassDefFoundError: Could not initialize class com.urbanladder.utils.ConfigReader
	at com.urbanladder.base.DriverSetup.initializeDriver(DriverSetup.java:44)
	at com.urbanladder.Hooks.Hooks.setup(Hooks.java:36)
Caused by: java.lang.ExceptionInInitializerError: Exception java.lang.RuntimeException: Allure configuration file not found [in thread &quot;TestNG-tests-1&quot;]
	at com.urbanladder.utils.ConfigReader.loadAllureProperties(ConfigReader.java:58)
	at com.urbanladder.utils.ConfigReader.&lt;clinit&gt;(ConfigReader.java:27)
	... 2 more
</pre></div></td>
<td>0</td>
<td>com.urbanladder.TestRunner.TestRunner@327af41b</td></tr>
<tr>
<td title='com.urbanladder.TestRunner.TestRunner.runScenario()'><b>runScenario</b><br>Test class: com.urbanladder.TestRunner.TestRunner<br>Test method: Runs Cucumber Scenarios<br>Parameters: "Extract top bookshelves after applying filters and return to homepage", "Capture Bookshelves details from Urban Ladder"</td>
<td><div><pre>java.lang.NoClassDefFoundError: Could not initialize class com.urbanladder.utils.ConfigReader
	at com.urbanladder.base.DriverSetup.initializeDriver(DriverSetup.java:44)
	at com.urbanladder.Hooks.Hooks.setup(Hooks.java:36)
Caused by: java.lang.ExceptionInInitializerError: Exception java.lang.RuntimeException: Allure configuration file not found [in thread &quot;TestNG-tests-1&quot;]
	at com.urbanladder.utils.ConfigReader.loadAllureProperties(ConfigReader.java:58)
	at com.urbanladder.utils.ConfigReader.&lt;clinit&gt;(ConfigReader.java:27)
	... 2 more
</pre></div><a href='#' onClick='toggleBox("stack-trace706778574", this, "Click to show all stack frames", "Click to hide stack frames")'>Click to show all stack frames</a>
<div class='stack-trace' id='stack-trace706778574'><pre>java.lang.NoClassDefFoundError: Could not initialize class com.urbanladder.utils.ConfigReader
	at com.urbanladder.base.DriverSetup.initializeDriver(DriverSetup.java:44)
	at com.urbanladder.Hooks.Hooks.setup(Hooks.java:36)
Caused by: java.lang.ExceptionInInitializerError: Exception java.lang.RuntimeException: Allure configuration file not found [in thread &quot;TestNG-tests-1&quot;]
	at com.urbanladder.utils.ConfigReader.loadAllureProperties(ConfigReader.java:58)
	at com.urbanladder.utils.ConfigReader.&lt;clinit&gt;(ConfigReader.java:27)
	... 2 more
</pre></div></td>
<td>0</td>
<td>com.urbanladder.TestRunner.TestRunner@327af41b</td></tr>
<tr>
<td title='com.urbanladder.TestRunner.TestRunner.runScenario()'><b>runScenario</b><br>Test class: com.urbanladder.TestRunner.TestRunner<br>Test method: Runs Cucumber Scenarios<br>Parameters: "Extract Hyderabad store names and return to homepage", "Capture Hyderabad store details from Urban Ladder"</td>
<td><div><pre>java.lang.NoClassDefFoundError: Could not initialize class com.urbanladder.utils.ConfigReader
	at com.urbanladder.base.DriverSetup.initializeDriver(DriverSetup.java:44)
	at com.urbanladder.Hooks.Hooks.setup(Hooks.java:36)
Caused by: java.lang.ExceptionInInitializerError: Exception java.lang.RuntimeException: Allure configuration file not found [in thread &quot;TestNG-tests-1&quot;]
	at com.urbanladder.utils.ConfigReader.loadAllureProperties(ConfigReader.java:58)
	at com.urbanladder.utils.ConfigReader.&lt;clinit&gt;(ConfigReader.java:27)
	... 2 more
</pre></div><a href='#' onClick='toggleBox("stack-trace480323183", this, "Click to show all stack frames", "Click to hide stack frames")'>Click to show all stack frames</a>
<div class='stack-trace' id='stack-trace480323183'><pre>java.lang.NoClassDefFoundError: Could not initialize class com.urbanladder.utils.ConfigReader
	at com.urbanladder.base.DriverSetup.initializeDriver(DriverSetup.java:44)
	at com.urbanladder.Hooks.Hooks.setup(Hooks.java:36)
Caused by: java.lang.ExceptionInInitializerError: Exception java.lang.RuntimeException: Allure configuration file not found [in thread &quot;TestNG-tests-1&quot;]
	at com.urbanladder.utils.ConfigReader.loadAllureProperties(ConfigReader.java:58)
	at com.urbanladder.utils.ConfigReader.&lt;clinit&gt;(ConfigReader.java:27)
	... 2 more
</pre></div></td>
<td>0</td>
<td>com.urbanladder.TestRunner.TestRunner@327af41b</td></tr>
</table><p>
<table width='100%' border='1' class='invocation-skipped'>
<tr><td colspan='4' align='center'><b>SKIPPED TESTS</b></td></tr>
<tr><td><b>Test method</b></td>
<td><b>Attribute(s)</b></td>
<td width="30%"><b>Exception</b></td>
<td width="10%"><b>Time (seconds)</b></td>
<td><b>Instance</b></td>
</tr>
<tr>
<td title='com.urbanladder.TestRunner.TestRunner.runScenario()'><b>runScenario</b><br>Test class: com.urbanladder.TestRunner.TestRunner<br>Test method: Runs Cucumber Scenarios<br>Parameters: "Perform login and verify social media icons and home logo navigation", "Complete Home Page Interaction Flow"</td>
<td><div><pre>java.lang.ExceptionInInitializerError
	at com.urbanladder.base.DriverSetup.initializeDriver(DriverSetup.java:44)
	at com.urbanladder.Hooks.Hooks.setup(Hooks.java:36)
Caused by: java.lang.RuntimeException: Allure configuration file not found
	at com.urbanladder.utils.ConfigReader.loadAllureProperties(ConfigReader.java:58)
	at com.urbanladder.utils.ConfigReader.&lt;clinit&gt;(ConfigReader.java:27)
	... 2 more
Caused by: java.io.FileNotFoundException: src\test\resources\allure.properties (The system cannot find the file specified)
	at java.base/java.io.FileInputStream.open0(Native Method)
	at java.base/java.io.FileInputStream.open(FileInputStream.java:213)
	at java.base/java.io.FileInputStream.&lt;init&gt;(FileInputStream.java:152)
	at java.base/java.io.FileInputStream.&lt;init&gt;(FileInputStream.java:106)
	at com.urbanladder.utils.ConfigReader.loadAllureProperties(ConfigReader.java:52)
	... 3 more
</pre></div><a href='#' onClick='toggleBox("stack-trace1046694178", this, "Click to show all stack frames", "Click to hide stack frames")'>Click to show all stack frames</a>
<div class='stack-trace' id='stack-trace1046694178'><pre>java.lang.ExceptionInInitializerError
	at com.urbanladder.base.DriverSetup.initializeDriver(DriverSetup.java:44)
	at com.urbanladder.Hooks.Hooks.setup(Hooks.java:36)
Caused by: java.lang.RuntimeException: Allure configuration file not found
	at com.urbanladder.utils.ConfigReader.loadAllureProperties(ConfigReader.java:58)
	at com.urbanladder.utils.ConfigReader.&lt;clinit&gt;(ConfigReader.java:27)
	... 2 more
Caused by: java.io.FileNotFoundException: src\test\resources\allure.properties (The system cannot find the file specified)
	at java.base/java.io.FileInputStream.open0(Native Method)
	at java.base/java.io.FileInputStream.open(FileInputStream.java:213)
	at java.base/java.io.FileInputStream.&lt;init&gt;(FileInputStream.java:152)
	at java.base/java.io.FileInputStream.&lt;init&gt;(FileInputStream.java:106)
	at com.urbanladder.utils.ConfigReader.loadAllureProperties(ConfigReader.java:52)
	... 3 more
</pre></div></td>
<td>1</td>
<td>com.urbanladder.TestRunner.TestRunner@327af41b</td></tr>
<tr>
<td title='com.urbanladder.TestRunner.TestRunner.runScenario()'><b>runScenario</b><br>Test class: com.urbanladder.TestRunner.TestRunner<br>Test method: Runs Cucumber Scenarios<br>Parameters: "Navigate to Urban Ladder homepage", "Search and capture top items from Urban Ladder"</td>
<td><div><pre>java.lang.NoClassDefFoundError: Could not initialize class com.urbanladder.utils.ConfigReader
	at com.urbanladder.base.DriverSetup.initializeDriver(DriverSetup.java:44)
	at com.urbanladder.Hooks.Hooks.setup(Hooks.java:36)
Caused by: java.lang.ExceptionInInitializerError: Exception java.lang.RuntimeException: Allure configuration file not found [in thread &quot;TestNG-tests-1&quot;]
	at com.urbanladder.utils.ConfigReader.loadAllureProperties(ConfigReader.java:58)
	at com.urbanladder.utils.ConfigReader.&lt;clinit&gt;(ConfigReader.java:27)
	... 2 more
</pre></div><a href='#' onClick='toggleBox("stack-trace1610431164", this, "Click to show all stack frames", "Click to hide stack frames")'>Click to show all stack frames</a>
<div class='stack-trace' id='stack-trace1610431164'><pre>java.lang.NoClassDefFoundError: Could not initialize class com.urbanladder.utils.ConfigReader
	at com.urbanladder.base.DriverSetup.initializeDriver(DriverSetup.java:44)
	at com.urbanladder.Hooks.Hooks.setup(Hooks.java:36)
Caused by: java.lang.ExceptionInInitializerError: Exception java.lang.RuntimeException: Allure configuration file not found [in thread &quot;TestNG-tests-1&quot;]
	at com.urbanladder.utils.ConfigReader.loadAllureProperties(ConfigReader.java:58)
	at com.urbanladder.utils.ConfigReader.&lt;clinit&gt;(ConfigReader.java:27)
	... 2 more
</pre></div></td>
<td>0</td>
<td>com.urbanladder.TestRunner.TestRunner@327af41b</td></tr>
<tr>
<td title='com.urbanladder.TestRunner.TestRunner.runScenario()'><b>runScenario</b><br>Test class: com.urbanladder.TestRunner.TestRunner<br>Test method: Runs Cucumber Scenarios<br>Parameters: "Search for 'Being at Home' items and store top results", "Search and capture top items from Urban Ladder"</td>
<td><div><pre>java.lang.NoClassDefFoundError: Could not initialize class com.urbanladder.utils.ConfigReader
	at com.urbanladder.base.DriverSetup.initializeDriver(DriverSetup.java:44)
	at com.urbanladder.Hooks.Hooks.setup(Hooks.java:36)
Caused by: java.lang.ExceptionInInitializerError: Exception java.lang.RuntimeException: Allure configuration file not found [in thread &quot;TestNG-tests-1&quot;]
	at com.urbanladder.utils.ConfigReader.loadAllureProperties(ConfigReader.java:58)
	at com.urbanladder.utils.ConfigReader.&lt;clinit&gt;(ConfigReader.java:27)
	... 2 more
</pre></div><a href='#' onClick='toggleBox("stack-trace82843890", this, "Click to show all stack frames", "Click to hide stack frames")'>Click to show all stack frames</a>
<div class='stack-trace' id='stack-trace82843890'><pre>java.lang.NoClassDefFoundError: Could not initialize class com.urbanladder.utils.ConfigReader
	at com.urbanladder.base.DriverSetup.initializeDriver(DriverSetup.java:44)
	at com.urbanladder.Hooks.Hooks.setup(Hooks.java:36)
Caused by: java.lang.ExceptionInInitializerError: Exception java.lang.RuntimeException: Allure configuration file not found [in thread &quot;TestNG-tests-1&quot;]
	at com.urbanladder.utils.ConfigReader.loadAllureProperties(ConfigReader.java:58)
	at com.urbanladder.utils.ConfigReader.&lt;clinit&gt;(ConfigReader.java:27)
	... 2 more
</pre></div></td>
<td>0</td>
<td>com.urbanladder.TestRunner.TestRunner@327af41b</td></tr>
<tr>
<td title='com.urbanladder.TestRunner.TestRunner.runScenario()'><b>runScenario</b><br>Test class: com.urbanladder.TestRunner.TestRunner<br>Test method: Runs Cucumber Scenarios<br>Parameters: "Search product from JSON and verify it in wishlist", "Add product to wishlist from Urban Ladder"</td>
<td><div><pre>java.lang.NoClassDefFoundError: Could not initialize class com.urbanladder.utils.ConfigReader
	at com.urbanladder.base.DriverSetup.initializeDriver(DriverSetup.java:44)
	at com.urbanladder.Hooks.Hooks.setup(Hooks.java:36)
Caused by: java.lang.ExceptionInInitializerError: Exception java.lang.RuntimeException: Allure configuration file not found [in thread &quot;TestNG-tests-1&quot;]
	at com.urbanladder.utils.ConfigReader.loadAllureProperties(ConfigReader.java:58)
	at com.urbanladder.utils.ConfigReader.&lt;clinit&gt;(ConfigReader.java:27)
	... 2 more
</pre></div><a href='#' onClick='toggleBox("stack-trace1861781435", this, "Click to show all stack frames", "Click to hide stack frames")'>Click to show all stack frames</a>
<div class='stack-trace' id='stack-trace1861781435'><pre>java.lang.NoClassDefFoundError: Could not initialize class com.urbanladder.utils.ConfigReader
	at com.urbanladder.base.DriverSetup.initializeDriver(DriverSetup.java:44)
	at com.urbanladder.Hooks.Hooks.setup(Hooks.java:36)
Caused by: java.lang.ExceptionInInitializerError: Exception java.lang.RuntimeException: Allure configuration file not found [in thread &quot;TestNG-tests-1&quot;]
	at com.urbanladder.utils.ConfigReader.loadAllureProperties(ConfigReader.java:58)
	at com.urbanladder.utils.ConfigReader.&lt;clinit&gt;(ConfigReader.java:27)
	... 2 more
</pre></div></td>
<td>0</td>
<td>com.urbanladder.TestRunner.TestRunner@327af41b</td></tr>
<tr>
<td title='com.urbanladder.TestRunner.TestRunner.runScenario()'><b>runScenario</b><br>Test class: com.urbanladder.TestRunner.TestRunner<br>Test method: Runs Cucumber Scenarios<br>Parameters: "Fill shipping address with valid and Invalid data", "Shipping Address Form Validation"</td>
<td><div><pre>java.lang.NoClassDefFoundError: Could not initialize class com.urbanladder.utils.ConfigReader
	at com.urbanladder.base.DriverSetup.initializeDriver(DriverSetup.java:44)
	at com.urbanladder.Hooks.Hooks.setup(Hooks.java:36)
Caused by: java.lang.ExceptionInInitializerError: Exception java.lang.RuntimeException: Allure configuration file not found [in thread &quot;TestNG-tests-1&quot;]
	at com.urbanladder.utils.ConfigReader.loadAllureProperties(ConfigReader.java:58)
	at com.urbanladder.utils.ConfigReader.&lt;clinit&gt;(ConfigReader.java:27)
	... 2 more
</pre></div><a href='#' onClick='toggleBox("stack-trace1361689853", this, "Click to show all stack frames", "Click to hide stack frames")'>Click to show all stack frames</a>
<div class='stack-trace' id='stack-trace1361689853'><pre>java.lang.NoClassDefFoundError: Could not initialize class com.urbanladder.utils.ConfigReader
	at com.urbanladder.base.DriverSetup.initializeDriver(DriverSetup.java:44)
	at com.urbanladder.Hooks.Hooks.setup(Hooks.java:36)
Caused by: java.lang.ExceptionInInitializerError: Exception java.lang.RuntimeException: Allure configuration file not found [in thread &quot;TestNG-tests-1&quot;]
	at com.urbanladder.utils.ConfigReader.loadAllureProperties(ConfigReader.java:58)
	at com.urbanladder.utils.ConfigReader.&lt;clinit&gt;(ConfigReader.java:27)
	... 2 more
</pre></div></td>
<td>0</td>
<td>com.urbanladder.TestRunner.TestRunner@327af41b</td></tr>
<tr>
<td title='com.urbanladder.TestRunner.TestRunner.runScenario()'><b>runScenario</b><br>Test class: com.urbanladder.TestRunner.TestRunner<br>Test method: Runs Cucumber Scenarios<br>Parameters: "Access help topics and navigate back to home", "Help Page Interaction Flow"</td>
<td><div><pre>java.lang.NoClassDefFoundError: Could not initialize class com.urbanladder.utils.ConfigReader
	at com.urbanladder.base.DriverSetup.initializeDriver(DriverSetup.java:44)
	at com.urbanladder.Hooks.Hooks.setup(Hooks.java:36)
Caused by: java.lang.ExceptionInInitializerError: Exception java.lang.RuntimeException: Allure configuration file not found [in thread &quot;TestNG-tests-1&quot;]
	at com.urbanladder.utils.ConfigReader.loadAllureProperties(ConfigReader.java:58)
	at com.urbanladder.utils.ConfigReader.&lt;clinit&gt;(ConfigReader.java:27)
	... 2 more
</pre></div><a href='#' onClick='toggleBox("stack-trace1963908971", this, "Click to show all stack frames", "Click to hide stack frames")'>Click to show all stack frames</a>
<div class='stack-trace' id='stack-trace1963908971'><pre>java.lang.NoClassDefFoundError: Could not initialize class com.urbanladder.utils.ConfigReader
	at com.urbanladder.base.DriverSetup.initializeDriver(DriverSetup.java:44)
	at com.urbanladder.Hooks.Hooks.setup(Hooks.java:36)
Caused by: java.lang.ExceptionInInitializerError: Exception java.lang.RuntimeException: Allure configuration file not found [in thread &quot;TestNG-tests-1&quot;]
	at com.urbanladder.utils.ConfigReader.loadAllureProperties(ConfigReader.java:58)
	at com.urbanladder.utils.ConfigReader.&lt;clinit&gt;(ConfigReader.java:27)
	... 2 more
</pre></div></td>
<td>0</td>
<td>com.urbanladder.TestRunner.TestRunner@327af41b</td></tr>
<tr>
<td title='com.urbanladder.TestRunner.TestRunner.runScenario()'><b>runScenario</b><br>Test class: com.urbanladder.TestRunner.TestRunner<br>Test method: Runs Cucumber Scenarios<br>Parameters: "Extract top study chair products and return to homepage", "Capture Study Chair details from Urban Ladder"</td>
<td><div><pre>java.lang.NoClassDefFoundError: Could not initialize class com.urbanladder.utils.ConfigReader
	at com.urbanladder.base.DriverSetup.initializeDriver(DriverSetup.java:44)
	at com.urbanladder.Hooks.Hooks.setup(Hooks.java:36)
Caused by: java.lang.ExceptionInInitializerError: Exception java.lang.RuntimeException: Allure configuration file not found [in thread &quot;TestNG-tests-1&quot;]
	at com.urbanladder.utils.ConfigReader.loadAllureProperties(ConfigReader.java:58)
	at com.urbanladder.utils.ConfigReader.&lt;clinit&gt;(ConfigReader.java:27)
	... 2 more
</pre></div><a href='#' onClick='toggleBox("stack-trace1908459019", this, "Click to show all stack frames", "Click to hide stack frames")'>Click to show all stack frames</a>
<div class='stack-trace' id='stack-trace1908459019'><pre>java.lang.NoClassDefFoundError: Could not initialize class com.urbanladder.utils.ConfigReader
	at com.urbanladder.base.DriverSetup.initializeDriver(DriverSetup.java:44)
	at com.urbanladder.Hooks.Hooks.setup(Hooks.java:36)
Caused by: java.lang.ExceptionInInitializerError: Exception java.lang.RuntimeException: Allure configuration file not found [in thread &quot;TestNG-tests-1&quot;]
	at com.urbanladder.utils.ConfigReader.loadAllureProperties(ConfigReader.java:58)
	at com.urbanladder.utils.ConfigReader.&lt;clinit&gt;(ConfigReader.java:27)
	... 2 more
</pre></div></td>
<td>0</td>
<td>com.urbanladder.TestRunner.TestRunner@327af41b</td></tr>
<tr>
<td title='com.urbanladder.TestRunner.TestRunner.runScenario()'><b>runScenario</b><br>Test class: com.urbanladder.TestRunner.TestRunner<br>Test method: Runs Cucumber Scenarios<br>Parameters: "Extract top bookshelves after applying filters and return to homepage", "Capture Bookshelves details from Urban Ladder"</td>
<td><div><pre>java.lang.NoClassDefFoundError: Could not initialize class com.urbanladder.utils.ConfigReader
	at com.urbanladder.base.DriverSetup.initializeDriver(DriverSetup.java:44)
	at com.urbanladder.Hooks.Hooks.setup(Hooks.java:36)
Caused by: java.lang.ExceptionInInitializerError: Exception java.lang.RuntimeException: Allure configuration file not found [in thread &quot;TestNG-tests-1&quot;]
	at com.urbanladder.utils.ConfigReader.loadAllureProperties(ConfigReader.java:58)
	at com.urbanladder.utils.ConfigReader.&lt;clinit&gt;(ConfigReader.java:27)
	... 2 more
</pre></div><a href='#' onClick='toggleBox("stack-trace1457526364", this, "Click to show all stack frames", "Click to hide stack frames")'>Click to show all stack frames</a>
<div class='stack-trace' id='stack-trace1457526364'><pre>java.lang.NoClassDefFoundError: Could not initialize class com.urbanladder.utils.ConfigReader
	at com.urbanladder.base.DriverSetup.initializeDriver(DriverSetup.java:44)
	at com.urbanladder.Hooks.Hooks.setup(Hooks.java:36)
Caused by: java.lang.ExceptionInInitializerError: Exception java.lang.RuntimeException: Allure configuration file not found [in thread &quot;TestNG-tests-1&quot;]
	at com.urbanladder.utils.ConfigReader.loadAllureProperties(ConfigReader.java:58)
	at com.urbanladder.utils.ConfigReader.&lt;clinit&gt;(ConfigReader.java:27)
	... 2 more
</pre></div></td>
<td>0</td>
<td>com.urbanladder.TestRunner.TestRunner@327af41b</td></tr>
<tr>
<td title='com.urbanladder.TestRunner.TestRunner.runScenario()'><b>runScenario</b><br>Test class: com.urbanladder.TestRunner.TestRunner<br>Test method: Runs Cucumber Scenarios<br>Parameters: "Extract Hyderabad store names and return to homepage", "Capture Hyderabad store details from Urban Ladder"</td>
<td><div><pre>java.lang.NoClassDefFoundError: Could not initialize class com.urbanladder.utils.ConfigReader
	at com.urbanladder.base.DriverSetup.initializeDriver(DriverSetup.java:44)
	at com.urbanladder.Hooks.Hooks.setup(Hooks.java:36)
Caused by: java.lang.ExceptionInInitializerError: Exception java.lang.RuntimeException: Allure configuration file not found [in thread &quot;TestNG-tests-1&quot;]
	at com.urbanladder.utils.ConfigReader.loadAllureProperties(ConfigReader.java:58)
	at com.urbanladder.utils.ConfigReader.&lt;clinit&gt;(ConfigReader.java:27)
	... 2 more
</pre></div><a href='#' onClick='toggleBox("stack-trace1085062752", this, "Click to show all stack frames", "Click to hide stack frames")'>Click to show all stack frames</a>
<div class='stack-trace' id='stack-trace1085062752'><pre>java.lang.NoClassDefFoundError: Could not initialize class com.urbanladder.utils.ConfigReader
	at com.urbanladder.base.DriverSetup.initializeDriver(DriverSetup.java:44)
	at com.urbanladder.Hooks.Hooks.setup(Hooks.java:36)
Caused by: java.lang.ExceptionInInitializerError: Exception java.lang.RuntimeException: Allure configuration file not found [in thread &quot;TestNG-tests-1&quot;]
	at com.urbanladder.utils.ConfigReader.loadAllureProperties(ConfigReader.java:58)
	at com.urbanladder.utils.ConfigReader.&lt;clinit&gt;(ConfigReader.java:27)
	... 2 more
</pre></div></td>
<td>0</td>
<td>com.urbanladder.TestRunner.TestRunner@327af41b</td></tr>
<tr>
<td title='com.urbanladder.TestRunner.TestRunner.runScenario()'><b>runScenario</b><br>Test class: com.urbanladder.TestRunner.TestRunner<br>Test method: Runs Cucumber Scenarios<br>Parameters: "View product, add to cart, and proceed to checkout", "Checkout flow for a product on Urban Ladder"</td>
<td><div><pre>java.lang.NoClassDefFoundError: Could not initialize class com.urbanladder.utils.ConfigReader
	at com.urbanladder.base.DriverSetup.initializeDriver(DriverSetup.java:44)
	at com.urbanladder.Hooks.Hooks.setup(Hooks.java:36)
Caused by: java.lang.ExceptionInInitializerError: Exception java.lang.RuntimeException: Allure configuration file not found [in thread &quot;TestNG-tests-1&quot;]
	at com.urbanladder.utils.ConfigReader.loadAllureProperties(ConfigReader.java:58)
	at com.urbanladder.utils.ConfigReader.&lt;clinit&gt;(ConfigReader.java:27)
	... 2 more
</pre></div><a href='#' onClick='toggleBox("stack-trace744049540", this, "Click to show all stack frames", "Click to hide stack frames")'>Click to show all stack frames</a>
<div class='stack-trace' id='stack-trace744049540'><pre>java.lang.NoClassDefFoundError: Could not initialize class com.urbanladder.utils.ConfigReader
	at com.urbanladder.base.DriverSetup.initializeDriver(DriverSetup.java:44)
	at com.urbanladder.Hooks.Hooks.setup(Hooks.java:36)
Caused by: java.lang.ExceptionInInitializerError: Exception java.lang.RuntimeException: Allure configuration file not found [in thread &quot;TestNG-tests-1&quot;]
	at com.urbanladder.utils.ConfigReader.loadAllureProperties(ConfigReader.java:58)
	at com.urbanladder.utils.ConfigReader.&lt;clinit&gt;(ConfigReader.java:27)
	... 2 more
</pre></div></td>
<td>0</td>
<td>com.urbanladder.TestRunner.TestRunner@327af41b</td></tr>
</table><p>
</body>
</html>