<?xml version="1.0" encoding="UTF-8"?>
<!-- Generated by org.testng.reporters.JUnitXMLReporter -->
<testsuite ignored="0" hostname="LTIN654252" failures="10" tests="20" name="UrbanladderTest_Chrome" time="3.259" errors="0" timestamp="2025-09-01T17:16:16 IST">
  <testcase classname="io.cucumber.testng.AbstractTestNGCucumberTests" name="runScenario" time="1.362">
    <skipped/>
  </testcase> <!-- runScenario -->
  <testcase classname="io.cucumber.testng.AbstractTestNGCucumberTests" name="runScenario" time="0.029">
    <failure type="java.lang.NoClassDefFoundError" message="Could not initialize class com.urbanladder.utils.ConfigReader">
      <![CDATA[java.lang.NoClassDefFoundError: Could not initialize class com.urbanladder.utils.ConfigReader
at com.urbanladder.base.DriverSetup.initializeDriver(DriverSetup.java:44)
at com.urbanladder.Hooks.Hooks.setup(Hooks.java:36)
Caused by: java.lang.ExceptionInInitializerError: Exception java.lang.RuntimeException: Allure configuration file not found [in thread "TestNG-tests-1"]
at com.urbanladder.utils.ConfigReader.loadAllureProperties(ConfigReader.java:58)
at com.urbanladder.utils.ConfigReader.<clinit>(ConfigReader.java:27)
... 2 more
]]>
    </failure>
  </testcase> <!-- runScenario -->
  <testcase classname="io.cucumber.testng.AbstractTestNGCucumberTests" name="runScenario" time="0.049">
    <skipped/>
  </testcase> <!-- runScenario -->
  <testcase classname="io.cucumber.testng.AbstractTestNGCucumberTests" name="runScenario" time="0.032">
    <failure type="java.lang.NoClassDefFoundError" message="Could not initialize class com.urbanladder.utils.ConfigReader">
      <![CDATA[java.lang.NoClassDefFoundError: Could not initialize class com.urbanladder.utils.ConfigReader
at com.urbanladder.base.DriverSetup.initializeDriver(DriverSetup.java:44)
at com.urbanladder.Hooks.Hooks.setup(Hooks.java:36)
Caused by: java.lang.ExceptionInInitializerError: Exception java.lang.RuntimeException: Allure configuration file not found [in thread "TestNG-tests-1"]
at com.urbanladder.utils.ConfigReader.loadAllureProperties(ConfigReader.java:58)
at com.urbanladder.utils.ConfigReader.<clinit>(ConfigReader.java:27)
... 2 more
]]>
    </failure>
  </testcase> <!-- runScenario -->
  <testcase classname="io.cucumber.testng.AbstractTestNGCucumberTests" name="runScenario" time="0.032">
    <skipped/>
  </testcase> <!-- runScenario -->
  <testcase classname="io.cucumber.testng.AbstractTestNGCucumberTests" name="runScenario" time="0.029">
    <failure type="java.lang.NoClassDefFoundError" message="Could not initialize class com.urbanladder.utils.ConfigReader">
      <![CDATA[java.lang.NoClassDefFoundError: Could not initialize class com.urbanladder.utils.ConfigReader
at com.urbanladder.base.DriverSetup.initializeDriver(DriverSetup.java:44)
at com.urbanladder.Hooks.Hooks.setup(Hooks.java:36)
Caused by: java.lang.ExceptionInInitializerError: Exception java.lang.RuntimeException: Allure configuration file not found [in thread "TestNG-tests-1"]
at com.urbanladder.utils.ConfigReader.loadAllureProperties(ConfigReader.java:58)
at com.urbanladder.utils.ConfigReader.<clinit>(ConfigReader.java:27)
... 2 more
]]>
    </failure>
  </testcase> <!-- runScenario -->
  <testcase classname="io.cucumber.testng.AbstractTestNGCucumberTests" name="runScenario" time="0.03">
    <skipped/>
  </testcase> <!-- runScenario -->
  <testcase classname="io.cucumber.testng.AbstractTestNGCucumberTests" name="runScenario" time="0.025">
    <failure type="java.lang.NoClassDefFoundError" message="Could not initialize class com.urbanladder.utils.ConfigReader">
      <![CDATA[java.lang.NoClassDefFoundError: Could not initialize class com.urbanladder.utils.ConfigReader
at com.urbanladder.base.DriverSetup.initializeDriver(DriverSetup.java:44)
at com.urbanladder.Hooks.Hooks.setup(Hooks.java:36)
Caused by: java.lang.ExceptionInInitializerError: Exception java.lang.RuntimeException: Allure configuration file not found [in thread "TestNG-tests-1"]
at com.urbanladder.utils.ConfigReader.loadAllureProperties(ConfigReader.java:58)
at com.urbanladder.utils.ConfigReader.<clinit>(ConfigReader.java:27)
... 2 more
]]>
    </failure>
  </testcase> <!-- runScenario -->
  <testcase classname="io.cucumber.testng.AbstractTestNGCucumberTests" name="runScenario" time="0.035">
    <skipped/>
  </testcase> <!-- runScenario -->
  <testcase classname="io.cucumber.testng.AbstractTestNGCucumberTests" name="runScenario" time="0.028">
    <failure type="java.lang.NoClassDefFoundError" message="Could not initialize class com.urbanladder.utils.ConfigReader">
      <![CDATA[java.lang.NoClassDefFoundError: Could not initialize class com.urbanladder.utils.ConfigReader
at com.urbanladder.base.DriverSetup.initializeDriver(DriverSetup.java:44)
at com.urbanladder.Hooks.Hooks.setup(Hooks.java:36)
Caused by: java.lang.ExceptionInInitializerError: Exception java.lang.RuntimeException: Allure configuration file not found [in thread "TestNG-tests-1"]
at com.urbanladder.utils.ConfigReader.loadAllureProperties(ConfigReader.java:58)
at com.urbanladder.utils.ConfigReader.<clinit>(ConfigReader.java:27)
... 2 more
]]>
    </failure>
  </testcase> <!-- runScenario -->
  <testcase classname="io.cucumber.testng.AbstractTestNGCucumberTests" name="runScenario" time="0.04">
    <skipped/>
  </testcase> <!-- runScenario -->
  <testcase classname="io.cucumber.testng.AbstractTestNGCucumberTests" name="runScenario" time="0.032">
    <failure type="java.lang.NoClassDefFoundError" message="Could not initialize class com.urbanladder.utils.ConfigReader">
      <![CDATA[java.lang.NoClassDefFoundError: Could not initialize class com.urbanladder.utils.ConfigReader
at com.urbanladder.base.DriverSetup.initializeDriver(DriverSetup.java:44)
at com.urbanladder.Hooks.Hooks.setup(Hooks.java:36)
Caused by: java.lang.ExceptionInInitializerError: Exception java.lang.RuntimeException: Allure configuration file not found [in thread "TestNG-tests-1"]
at com.urbanladder.utils.ConfigReader.loadAllureProperties(ConfigReader.java:58)
at com.urbanladder.utils.ConfigReader.<clinit>(ConfigReader.java:27)
... 2 more
]]>
    </failure>
  </testcase> <!-- runScenario -->
  <testcase classname="io.cucumber.testng.AbstractTestNGCucumberTests" name="runScenario" time="0.027">
    <skipped/>
  </testcase> <!-- runScenario -->
  <testcase classname="io.cucumber.testng.AbstractTestNGCucumberTests" name="runScenario" time="0.019">
    <failure type="java.lang.NoClassDefFoundError" message="Could not initialize class com.urbanladder.utils.ConfigReader">
      <![CDATA[java.lang.NoClassDefFoundError: Could not initialize class com.urbanladder.utils.ConfigReader
at com.urbanladder.base.DriverSetup.initializeDriver(DriverSetup.java:44)
at com.urbanladder.Hooks.Hooks.setup(Hooks.java:36)
Caused by: java.lang.ExceptionInInitializerError: Exception java.lang.RuntimeException: Allure configuration file not found [in thread "TestNG-tests-1"]
at com.urbanladder.utils.ConfigReader.loadAllureProperties(ConfigReader.java:58)
at com.urbanladder.utils.ConfigReader.<clinit>(ConfigReader.java:27)
... 2 more
]]>
    </failure>
  </testcase> <!-- runScenario -->
  <testcase classname="io.cucumber.testng.AbstractTestNGCucumberTests" name="runScenario" time="0.025">
    <skipped/>
  </testcase> <!-- runScenario -->
  <testcase classname="io.cucumber.testng.AbstractTestNGCucumberTests" name="runScenario" time="0.02">
    <failure type="java.lang.NoClassDefFoundError" message="Could not initialize class com.urbanladder.utils.ConfigReader">
      <![CDATA[java.lang.NoClassDefFoundError: Could not initialize class com.urbanladder.utils.ConfigReader
at com.urbanladder.base.DriverSetup.initializeDriver(DriverSetup.java:44)
at com.urbanladder.Hooks.Hooks.setup(Hooks.java:36)
Caused by: java.lang.ExceptionInInitializerError: Exception java.lang.RuntimeException: Allure configuration file not found [in thread "TestNG-tests-1"]
at com.urbanladder.utils.ConfigReader.loadAllureProperties(ConfigReader.java:58)
at com.urbanladder.utils.ConfigReader.<clinit>(ConfigReader.java:27)
... 2 more
]]>
    </failure>
  </testcase> <!-- runScenario -->
  <testcase classname="io.cucumber.testng.AbstractTestNGCucumberTests" name="runScenario" time="0.034">
    <skipped/>
  </testcase> <!-- runScenario -->
  <testcase classname="io.cucumber.testng.AbstractTestNGCucumberTests" name="runScenario" time="0.028">
    <failure type="java.lang.NoClassDefFoundError" message="Could not initialize class com.urbanladder.utils.ConfigReader">
      <![CDATA[java.lang.NoClassDefFoundError: Could not initialize class com.urbanladder.utils.ConfigReader
at com.urbanladder.base.DriverSetup.initializeDriver(DriverSetup.java:44)
at com.urbanladder.Hooks.Hooks.setup(Hooks.java:36)
Caused by: java.lang.ExceptionInInitializerError: Exception java.lang.RuntimeException: Allure configuration file not found [in thread "TestNG-tests-1"]
at com.urbanladder.utils.ConfigReader.loadAllureProperties(ConfigReader.java:58)
at com.urbanladder.utils.ConfigReader.<clinit>(ConfigReader.java:27)
... 2 more
]]>
    </failure>
  </testcase> <!-- runScenario -->
  <testcase classname="io.cucumber.testng.AbstractTestNGCucumberTests" name="runScenario" time="0.043">
    <skipped/>
  </testcase> <!-- runScenario -->
  <testcase classname="io.cucumber.testng.AbstractTestNGCucumberTests" name="runScenario" time="0.034">
    <failure type="java.lang.NoClassDefFoundError" message="Could not initialize class com.urbanladder.utils.ConfigReader">
      <![CDATA[java.lang.NoClassDefFoundError: Could not initialize class com.urbanladder.utils.ConfigReader
at com.urbanladder.base.DriverSetup.initializeDriver(DriverSetup.java:44)
at com.urbanladder.Hooks.Hooks.setup(Hooks.java:36)
Caused by: java.lang.ExceptionInInitializerError: Exception java.lang.RuntimeException: Allure configuration file not found [in thread "TestNG-tests-1"]
at com.urbanladder.utils.ConfigReader.loadAllureProperties(ConfigReader.java:58)
at com.urbanladder.utils.ConfigReader.<clinit>(ConfigReader.java:27)
... 2 more
]]>
    </failure>
  </testcase> <!-- runScenario -->
</testsuite> <!-- UrbanladderTest_Chrome -->
