<html>
<head>
<title>TestNG:  UrbanladderTest</title>
<link href="../testng.css" rel="stylesheet" type="text/css" />
<link href="../my-testng.css" rel="stylesheet" type="text/css" />

<style type="text/css">
.log { display: none;} 
.stack-trace { display: none;} 
</style>
<script type="text/javascript">
<!--
function flip(e) {
  current = e.style.display;
  if (current == 'block') {
    e.style.display = 'none';
    return 0;
  }
  else {
    e.style.display = 'block';
    return 1;
  }
}

function toggleBox(szDivId, elem, msg1, msg2)
{
  var res = -1;  if (document.getElementById) {
    res = flip(document.getElementById(szDivId));
  }
  else if (document.all) {
    // this is the way old msie versions work
    res = flip(document.all[szDivId]);
  }
  if(elem) {
    if(res == 0) elem.innerHTML = msg1; else elem.innerHTML = msg2;
  }

}

function toggleAllBoxes() {
  if (document.getElementsByTagName) {
    d = document.getElementsByTagName('div');
    for (i = 0; i < d.length; i++) {
      if (d[i].className == 'log') {
        flip(d[i]);
      }
    }
  }
}

// -->
</script>

</head>
<body>
<h2 align='center'>UrbanladderTest</h2><table border='1' align="center">
<tr>
<td>Tests passed/Failed/Skipped:</td><td>9/1/0</td>
</tr><tr>
<td>Started on:</td><td>Fri Aug 29 17:36:30 IST 2025</td>
</tr>
<tr><td>Total time:</td><td>113 seconds (113654 ms)</td>
</tr><tr>
<td>Included groups:</td><td></td>
</tr><tr>
<td>Excluded groups:</td><td></td>
</tr>
</table><p/>
<small><i>(Hover the method name to see the test class name)</i></small><p/>
<table width='100%' border='1' class='invocation-failed'>
<tr><td colspan='4' align='center'><b>FAILED TESTS</b></td></tr>
<tr><td><b>Test method</b></td>
<td><b>Attribute(s)</b></td>
<td width="30%"><b>Exception</b></td>
<td width="10%"><b>Time (seconds)</b></td>
<td><b>Instance</b></td>
</tr>
<tr>
<td title='com.urbanladder.TestRunner.TestRunner.runScenario()'><b>runScenario</b><br>Test class: com.urbanladder.TestRunner.TestRunner<br>Test method: Runs Cucumber Scenarios<br>Parameters: "Fill shipping address with valid and Invalid data", "Shipping Address Form Validation"</td>
<td><div><pre>org.openqa.selenium.NoSuchElementException: no such element: Unable to locate element: {&quot;method&quot;:&quot;css selector&quot;,&quot;selector&quot;:&quot;#order_ship_address_attributes_zipcode&quot;}
  (Session info: chrome=138.0.7204.158)
For documentation on this error, please visit: https://www.selenium.dev/documentation/webdriver/troubleshooting/errors#no-such-element-exception
Build info: version: &apos;4.35.0&apos;, revision: &apos;1c58e5028b&apos;
System info: os.name: &apos;Windows 11&apos;, os.arch: &apos;amd64&apos;, os.version: &apos;10.0&apos;, java.version: &apos;21.0.6&apos;
Driver info: org.openqa.selenium.chrome.ChromeDriver
Command: [529316de93e2a888b46f1eec0fb52cfa, findElement {using=id, value=order_ship_address_attributes_zipcode}]
Capabilities {acceptInsecureCerts: false, browserName: chrome, browserVersion: 138.0.7204.158, chrome: {chromedriverVersion: 138.0.7204.183 (e90faf484dd..., userDataDir: C:\Users\2421218\AppData\Lo...}, fedcm:accounts: true, goog:chromeOptions: {debuggerAddress: localhost:62231}, networkConnectionEnabled: false, pageLoadStrategy: normal, platformName: windows, proxy: Proxy(), se:cdp: ws://localhost:62231/devtoo..., se:cdpVersion: 138.0.7204.158, setWindowRect: true, strictFileInteractability: false, timeouts: {implicit: 0, pageLoad: 300000, script: 30000}, unhandledPromptBehavior: dismiss and notify, webauthn:extension:credBlob: true, webauthn:extension:largeBlob: true, webauthn:extension:minPinLength: true, webauthn:extension:prf: true, webauthn:virtualAuthenticators: true}
Session ID: 529316de93e2a888b46f1eec0fb52cfa
	at org.openqa.selenium.remote.ErrorCodec.decode(ErrorCodec.java:167)
	at org.openqa.selenium.remote.codec.w3c.W3CHttpResponseCodec.decode(W3CHttpResponseCodec.java:138)
	at org.openqa.selenium.remote.codec.w3c.W3CHttpResponseCodec.decode(W3CHttpResponseCodec.java:50)
	at org.openqa.selenium.remote.HttpCommandExecutor.execute(HttpCommandExecutor.java:215)
	at org.openqa.selenium.remote.service.DriverCommandExecutor.invokeExecute(DriverCommandExecutor.java:216)
	at org.openqa.selenium.remote.service.DriverCommandExecutor.execute(DriverCommandExecutor.java:174)
	at org.openqa.selenium.remote.RemoteWebDriver.execute(RemoteWebDriver.java:557)
	at org.openqa.selenium.remote.ElementLocation$ElementFinder$2.findElement(ElementLocation.java:165)
	at org.openqa.selenium.remote.ElementLocation.findElement(ElementLocation.java:59)
	at org.openqa.selenium.remote.RemoteWebDriver.findElement(RemoteWebDriver.java:380)
	at org.openqa.selenium.remote.RemoteWebDriver.findElement(RemoteWebDriver.java:374)
	at org.openqa.selenium.support.pagefactory.DefaultElementLocator.findElement(DefaultElementLocator.java:68)
	at org.openqa.selenium.support.pagefactory.internal.LocatingElementHandler.invoke(LocatingElementHandler.java:38)
	at jdk.proxy2/jdk.proxy2.$Proxy43.clear(Unknown Source)
	at com.urbanladder.pages.AddressPage.fillShippingAddressFromExcel(AddressPage.java:77)
	at com.urbanladder.stepdefinitions.AddressSteps.i_fill_shipping_address_with_valid_data(AddressSteps.java:26)
	at ✽.I fill the shipping address form with valid data from Excel sheet &quot;valid&quot;(file:///C:/Users/2421218/Downloads/cucumber_fp/UrbanLadder/src/test/resources/features/F9_AddtoCart.feature:5)
... Removed 3 stack frames</pre></div><a href='#' onClick='toggleBox("stack-trace267527788", this, "Click to show all stack frames", "Click to hide stack frames")'>Click to show all stack frames</a>
<div class='stack-trace' id='stack-trace267527788'><pre>org.openqa.selenium.NoSuchElementException: no such element: Unable to locate element: {&quot;method&quot;:&quot;css selector&quot;,&quot;selector&quot;:&quot;#order_ship_address_attributes_zipcode&quot;}
  (Session info: chrome=138.0.7204.158)
For documentation on this error, please visit: https://www.selenium.dev/documentation/webdriver/troubleshooting/errors#no-such-element-exception
Build info: version: &apos;4.35.0&apos;, revision: &apos;1c58e5028b&apos;
System info: os.name: &apos;Windows 11&apos;, os.arch: &apos;amd64&apos;, os.version: &apos;10.0&apos;, java.version: &apos;21.0.6&apos;
Driver info: org.openqa.selenium.chrome.ChromeDriver
Command: [529316de93e2a888b46f1eec0fb52cfa, findElement {using=id, value=order_ship_address_attributes_zipcode}]
Capabilities {acceptInsecureCerts: false, browserName: chrome, browserVersion: 138.0.7204.158, chrome: {chromedriverVersion: 138.0.7204.183 (e90faf484dd..., userDataDir: C:\Users\2421218\AppData\Lo...}, fedcm:accounts: true, goog:chromeOptions: {debuggerAddress: localhost:62231}, networkConnectionEnabled: false, pageLoadStrategy: normal, platformName: windows, proxy: Proxy(), se:cdp: ws://localhost:62231/devtoo..., se:cdpVersion: 138.0.7204.158, setWindowRect: true, strictFileInteractability: false, timeouts: {implicit: 0, pageLoad: 300000, script: 30000}, unhandledPromptBehavior: dismiss and notify, webauthn:extension:credBlob: true, webauthn:extension:largeBlob: true, webauthn:extension:minPinLength: true, webauthn:extension:prf: true, webauthn:virtualAuthenticators: true}
Session ID: 529316de93e2a888b46f1eec0fb52cfa
	at java.base/jdk.internal.reflect.DirectConstructorHandleAccessor.newInstance(DirectConstructorHandleAccessor.java:62)
	at java.base/java.lang.reflect.Constructor.newInstanceWithCaller(Constructor.java:502)
	at java.base/java.lang.reflect.Constructor.newInstance(Constructor.java:486)
	at org.openqa.selenium.remote.ErrorCodec.decode(ErrorCodec.java:167)
	at org.openqa.selenium.remote.codec.w3c.W3CHttpResponseCodec.decode(W3CHttpResponseCodec.java:138)
	at org.openqa.selenium.remote.codec.w3c.W3CHttpResponseCodec.decode(W3CHttpResponseCodec.java:50)
	at org.openqa.selenium.remote.HttpCommandExecutor.execute(HttpCommandExecutor.java:215)
	at org.openqa.selenium.remote.service.DriverCommandExecutor.invokeExecute(DriverCommandExecutor.java:216)
	at org.openqa.selenium.remote.service.DriverCommandExecutor.execute(DriverCommandExecutor.java:174)
	at org.openqa.selenium.remote.RemoteWebDriver.execute(RemoteWebDriver.java:557)
	at org.openqa.selenium.remote.ElementLocation$ElementFinder$2.findElement(ElementLocation.java:165)
	at org.openqa.selenium.remote.ElementLocation.findElement(ElementLocation.java:59)
	at org.openqa.selenium.remote.RemoteWebDriver.findElement(RemoteWebDriver.java:380)
	at org.openqa.selenium.remote.RemoteWebDriver.findElement(RemoteWebDriver.java:374)
	at org.openqa.selenium.support.pagefactory.DefaultElementLocator.findElement(DefaultElementLocator.java:68)
	at org.openqa.selenium.support.pagefactory.internal.LocatingElementHandler.invoke(LocatingElementHandler.java:38)
	at jdk.proxy2/jdk.proxy2.$Proxy43.clear(Unknown Source)
	at com.urbanladder.pages.AddressPage.fillShippingAddressFromExcel(AddressPage.java:77)
	at com.urbanladder.stepdefinitions.AddressSteps.i_fill_shipping_address_with_valid_data(AddressSteps.java:26)
	at ✽.I fill the shipping address form with valid data from Excel sheet &quot;valid&quot;(file:///C:/Users/2421218/Downloads/cucumber_fp/UrbanLadder/src/test/resources/features/F9_AddtoCart.feature:5)
</pre></div></td>
<td>10</td>
<td>com.urbanladder.TestRunner.TestRunner@5b7a8434</td></tr>
</table><p>
<table width='100%' border='1' class='invocation-passed'>
<tr><td colspan='4' align='center'><b>PASSED TESTS</b></td></tr>
<tr><td><b>Test method</b></td>
<td><b>Attribute(s)</b></td>
<td width="30%"><b>Exception</b></td>
<td width="10%"><b>Time (seconds)</b></td>
<td><b>Instance</b></td>
</tr>
<tr>
<td title='com.urbanladder.TestRunner.TestRunner.runScenario()'><b>runScenario</b><br>Test class: com.urbanladder.TestRunner.TestRunner<br>Test method: Runs Cucumber Scenarios<br>Parameters: "Extract top study chair products and return to homepage", "Capture Study Chair details from Urban Ladder"</td>
<td></td>
<td>5</td>
<td>com.urbanladder.TestRunner.TestRunner@5b7a8434</td></tr>
<tr>
<td title='com.urbanladder.TestRunner.TestRunner.runScenario()'><b>runScenario</b><br>Test class: com.urbanladder.TestRunner.TestRunner<br>Test method: Runs Cucumber Scenarios<br>Parameters: "Access help topics and navigate back to home", "Help Page Interaction Flow"</td>
<td></td>
<td>5</td>
<td>com.urbanladder.TestRunner.TestRunner@5b7a8434</td></tr>
<tr>
<td title='com.urbanladder.TestRunner.TestRunner.runScenario()'><b>runScenario</b><br>Test class: com.urbanladder.TestRunner.TestRunner<br>Test method: Runs Cucumber Scenarios<br>Parameters: "Search product from JSON and verify it in wishlist", "Add product to wishlist from Urban Ladder"</td>
<td></td>
<td>3</td>
<td>com.urbanladder.TestRunner.TestRunner@5b7a8434</td></tr>
<tr>
<td title='com.urbanladder.TestRunner.TestRunner.runScenario()'><b>runScenario</b><br>Test class: com.urbanladder.TestRunner.TestRunner<br>Test method: Runs Cucumber Scenarios<br>Parameters: "Extract top bookshelves after applying filters and return to homepage", "Capture Bookshelves details from Urban Ladder"</td>
<td></td>
<td>5</td>
<td>com.urbanladder.TestRunner.TestRunner@5b7a8434</td></tr>
<tr>
<td title='com.urbanladder.TestRunner.TestRunner.runScenario()'><b>runScenario</b><br>Test class: com.urbanladder.TestRunner.TestRunner<br>Test method: Runs Cucumber Scenarios<br>Parameters: "Perform login and verify social media icons and home logo navigation", "Complete Home Page Interaction Flow"</td>
<td></td>
<td>12</td>
<td>com.urbanladder.TestRunner.TestRunner@5b7a8434</td></tr>
<tr>
<td title='com.urbanladder.TestRunner.TestRunner.runScenario()'><b>runScenario</b><br>Test class: com.urbanladder.TestRunner.TestRunner<br>Test method: Runs Cucumber Scenarios<br>Parameters: "Navigate to Urban Ladder homepage", "Search and capture top items from Urban Ladder"</td>
<td></td>
<td>1</td>
<td>com.urbanladder.TestRunner.TestRunner@5b7a8434</td></tr>
<tr>
<td title='com.urbanladder.TestRunner.TestRunner.runScenario()'><b>runScenario</b><br>Test class: com.urbanladder.TestRunner.TestRunner<br>Test method: Runs Cucumber Scenarios<br>Parameters: "View product, add to cart, and proceed to checkout", "Checkout flow for a product on Urban Ladder"</td>
<td></td>
<td>39</td>
<td>com.urbanladder.TestRunner.TestRunner@5b7a8434</td></tr>
<tr>
<td title='com.urbanladder.TestRunner.TestRunner.runScenario()'><b>runScenario</b><br>Test class: com.urbanladder.TestRunner.TestRunner<br>Test method: Runs Cucumber Scenarios<br>Parameters: "Search for 'Being at Home' items and store top results", "Search and capture top items from Urban Ladder"</td>
<td></td>
<td>3</td>
<td>com.urbanladder.TestRunner.TestRunner@5b7a8434</td></tr>
<tr>
<td title='com.urbanladder.TestRunner.TestRunner.runScenario()'><b>runScenario</b><br>Test class: com.urbanladder.TestRunner.TestRunner<br>Test method: Runs Cucumber Scenarios<br>Parameters: "Extract Hyderabad store names and return to homepage", "Capture Hyderabad store details from Urban Ladder"</td>
<td></td>
<td>5</td>
<td>com.urbanladder.TestRunner.TestRunner@5b7a8434</td></tr>
</table><p>
</body>
</html>